<?xml version="1.0" encoding="utf-8"?>
<test-run id="2" name="Open-Lab-04.09.dll" fullname="C:/Users/onkom/Source/Repos/Open-Lab-04.09/Open-Lab-04.09/bin/Debug/netcoreapp3.0/Open-Lab-04.09.dll" testcasecount="100" result="Passed" start-time="2021-11-09 20:45:50Z" end-time="2021-11-09 20:45:50Z" duration="0.166235" total="100" passed="100" failed="0" inconclusive="0" skipped="0" asserts="100" random-seed="2000241381">
  <command-line><![CDATA[C:\Users\onkom\Source\Repos\Open-Lab-04.09\Open-Lab-04.09\bin\Debug\netcoreapp3.0\Open-Lab-04.09.dll]]></command-line>
  <filter />
  <test-suite type="Assembly" id="1103" name="Open-Lab-04.09.dll" fullname="C:/Users/onkom/Source/Repos/Open-Lab-04.09/Open-Lab-04.09/bin/Debug/netcoreapp3.0/Open-Lab-04.09.dll" runstate="Runnable" testcasecount="100" result="Passed" start-time="2021-11-09 20:45:50Z" end-time="2021-11-09 20:45:50Z" duration="0.166235" total="100" passed="100" failed="0" warnings="0" inconclusive="0" skipped="0" asserts="100">
    <environment framework-version="3.12.0.0" clr-version="3.1.19" os-version="Microsoft Windows 10.0.19042" platform="Win32NT" cwd="C:\Users\onkom\Source\Repos\Open-Lab-04.09\Open-Lab-04.09\bin\Debug\netcoreapp3.0" machine-name="DESKTOP-7OQAPDJ" user="onkom" user-domain="DESKTOP-7OQAPDJ" culture="en-US" uiculture="en-US" os-architecture="x64" />
    <settings>
      <setting name="WorkDirectory" value="C:\Users\onkom\Source\Repos\Open-Lab-04.09\Open-Lab-04.09\bin\Debug\netcoreapp3.0" />
      <setting name="NumberOfTestWorkers" value="4" />
    </settings>
    <properties>
      <property name="_PID" value="14944" />
      <property name="_APPDOMAIN" value="Open-Lab-04.09" />
    </properties>
    <test-suite type="TestSuite" id="1104" name="Open_Lab_04" fullname="Open_Lab_04" runstate="Runnable" testcasecount="100" result="Passed" start-time="2021-11-09 20:45:50Z" end-time="2021-11-09 20:45:50Z" duration="0.133657" total="100" passed="100" failed="0" warnings="0" inconclusive="0" skipped="0" asserts="100">
      <test-suite type="TestSuite" id="1105" name="_09" fullname="Open_Lab_04._09" runstate="Runnable" testcasecount="100" result="Passed" start-time="2021-11-09 20:45:50Z" end-time="2021-11-09 20:45:50Z" duration="0.132339" total="100" passed="100" failed="0" warnings="0" inconclusive="0" skipped="0" asserts="100">
        <test-suite type="TestFixture" id="1000" name="Tests" fullname="Open_Lab_04._09.Tests" classname="Open_Lab_04._09.Tests" runstate="Runnable" testcasecount="100" result="Passed" start-time="2021-11-09 20:45:50Z" end-time="2021-11-09 20:45:50Z" duration="0.120403" total="100" passed="100" failed="0" warnings="0" inconclusive="0" skipped="0" asserts="100">
          <test-suite type="ParameterizedMethod" id="1004" name="RemoveDupsTest" fullname="Open_Lab_04._09.Tests.RemoveDupsTest" classname="Open_Lab_04._09.Tests" runstate="Runnable" testcasecount="3" result="Passed" start-time="2021-11-09 20:45:50Z" end-time="2021-11-09 20:45:50Z" duration="0.077195" total="3" passed="3" failed="0" warnings="0" inconclusive="0" skipped="0" asserts="3">
            <test-case id="1001" name="RemoveDupsTest([&quot;The&quot;, &quot;big&quot;, &quot;cat&quot;],[&quot;The&quot;, &quot;big&quot;, &quot;cat&quot;])" fullname="Open_Lab_04._09.Tests.RemoveDupsTest([&quot;The&quot;, &quot;big&quot;, &quot;cat&quot;],[&quot;The&quot;, &quot;big&quot;, &quot;cat&quot;])" methodname="RemoveDupsTest" classname="Open_Lab_04._09.Tests" runstate="Runnable" seed="468831232" result="Passed" start-time="2021-11-09 20:45:50Z" end-time="2021-11-09 20:45:50Z" duration="0.060679" asserts="1" />
            <test-case id="1002" name="RemoveDupsTest([&quot;John&quot;, &quot;Taylor&quot;, &quot;John&quot;],[&quot;John&quot;, &quot;Taylor&quot;])" fullname="Open_Lab_04._09.Tests.RemoveDupsTest([&quot;John&quot;, &quot;Taylor&quot;, &quot;John&quot;],[&quot;John&quot;, &quot;Taylor&quot;])" methodname="RemoveDupsTest" classname="Open_Lab_04._09.Tests" runstate="Runnable" seed="723839512" result="Passed" start-time="2021-11-09 20:45:50Z" end-time="2021-11-09 20:45:50Z" duration="0.000340" asserts="1" />
            <test-case id="1003" name="RemoveDupsTest([&quot;Reddit&quot;, &quot;Instagram&quot;, &quot;Reddit&quot;, &quot;Facebook&quot;, &quot;Instagram&quot;],[&quot;Reddit&quot;, &quot;Instagram&quot;, &quot;Facebook&quot;])" fullname="Open_Lab_04._09.Tests.RemoveDupsTest([&quot;Reddit&quot;, &quot;Instagram&quot;, &quot;Reddit&quot;, &quot;Facebook&quot;, &quot;Instagram&quot;],[&quot;Reddit&quot;, &quot;Instagram&quot;, &quot;Facebook&quot;])" methodname="RemoveDupsTest" classname="Open_Lab_04._09.Tests" runstate="Runnable" seed="922183424" result="Passed" start-time="2021-11-09 20:45:50Z" end-time="2021-11-09 20:45:50Z" duration="0.000260" asserts="1" />
          </test-suite>
          <test-suite type="ParameterizedMethod" id="1102" name="RemoveDupsTestRandom" fullname="Open_Lab_04._09.Tests.RemoveDupsTestRandom" classname="Open_Lab_04._09.Tests" runstate="Runnable" testcasecount="97" result="Passed" start-time="2021-11-09 20:45:50Z" end-time="2021-11-09 20:45:50Z" duration="0.020098" total="97" passed="97" failed="0" warnings="0" inconclusive="0" skipped="0" asserts="97">
            <test-case id="1005" name="RemoveDupsTestRandom([&quot;hzdfvtdo&quot;, &quot;qcdrhefib&quot;, &quot;jifkays&quot;, &quot;rgvr&quot;, &quot;qcdrhefib&quot;, ...],[&quot;hzdfvtdo&quot;, &quot;qcdrhefib&quot;, &quot;jifkays&quot;, &quot;rgvr&quot;, &quot;xqufxighxd&quot;, ...])" fullname="Open_Lab_04._09.Tests.RemoveDupsTestRandom([&quot;hzdfvtdo&quot;, &quot;qcdrhefib&quot;, &quot;jifkays&quot;, &quot;rgvr&quot;, &quot;qcdrhefib&quot;, ...],[&quot;hzdfvtdo&quot;, &quot;qcdrhefib&quot;, &quot;jifkays&quot;, &quot;rgvr&quot;, &quot;xqufxighxd&quot;, ...])" methodname="RemoveDupsTestRandom" classname="Open_Lab_04._09.Tests" runstate="Runnable" seed="1050149995" result="Passed" start-time="2021-11-09 20:45:50Z" end-time="2021-11-09 20:45:50Z" duration="0.000949" asserts="1" />
            <test-case id="1006" name="RemoveDupsTestRandom([&quot;pkdq&quot;, &quot;vxkiozp&quot;, &quot;vxkiozp&quot;, &quot;czuim&quot;, &quot;czuim&quot;, ...],[&quot;pkdq&quot;, &quot;vxkiozp&quot;, &quot;czuim&quot;])" fullname="Open_Lab_04._09.Tests.RemoveDupsTestRandom([&quot;pkdq&quot;, &quot;vxkiozp&quot;, &quot;vxkiozp&quot;, &quot;czuim&quot;, &quot;czuim&quot;, ...],[&quot;pkdq&quot;, &quot;vxkiozp&quot;, &quot;czuim&quot;])" methodname="RemoveDupsTestRandom" classname="Open_Lab_04._09.Tests" runstate="Runnable" seed="2008713782" result="Passed" start-time="2021-11-09 20:45:50Z" end-time="2021-11-09 20:45:50Z" duration="0.000112" asserts="1" />
            <test-case id="1007" name="RemoveDupsTestRandom([&quot;enyutxjb&quot;, &quot;vfzkcpgcv&quot;, &quot;gmysu&quot;, &quot;usbtmrc&quot;, &quot;gmysu&quot;, ...],[&quot;enyutxjb&quot;, &quot;vfzkcpgcv&quot;, &quot;gmysu&quot;, &quot;usbtmrc&quot;, &quot;phqpbxirp&quot;])" fullname="Open_Lab_04._09.Tests.RemoveDupsTestRandom([&quot;enyutxjb&quot;, &quot;vfzkcpgcv&quot;, &quot;gmysu&quot;, &quot;usbtmrc&quot;, &quot;gmysu&quot;, ...],[&quot;enyutxjb&quot;, &quot;vfzkcpgcv&quot;, &quot;gmysu&quot;, &quot;usbtmrc&quot;, &quot;phqpbxirp&quot;])" methodname="RemoveDupsTestRandom" classname="Open_Lab_04._09.Tests" runstate="Runnable" seed="644531383" result="Passed" start-time="2021-11-09 20:45:50Z" end-time="2021-11-09 20:45:50Z" duration="0.000115" asserts="1" />
            <test-case id="1008" name="RemoveDupsTestRandom([&quot;ownvybdqpq&quot;, &quot;wegmu&quot;, &quot;gwdjupmbw&quot;, &quot;mbb&quot;, &quot;ubp&quot;, ...],[&quot;ownvybdqpq&quot;, &quot;wegmu&quot;, &quot;gwdjupmbw&quot;, &quot;mbb&quot;, &quot;ubp&quot;, ...])" fullname="Open_Lab_04._09.Tests.RemoveDupsTestRandom([&quot;ownvybdqpq&quot;, &quot;wegmu&quot;, &quot;gwdjupmbw&quot;, &quot;mbb&quot;, &quot;ubp&quot;, ...],[&quot;ownvybdqpq&quot;, &quot;wegmu&quot;, &quot;gwdjupmbw&quot;, &quot;mbb&quot;, &quot;ubp&quot;, ...])" methodname="RemoveDupsTestRandom" classname="Open_Lab_04._09.Tests" runstate="Runnable" seed="10508538" result="Passed" start-time="2021-11-09 20:45:50Z" end-time="2021-11-09 20:45:50Z" duration="0.000219" asserts="1" />
            <test-case id="1009" name="RemoveDupsTestRandom([&quot;fpbadtrzjl&quot;, &quot;wltm&quot;, &quot;gbbatlrnsp&quot;, &quot;wltm&quot;, &quot;abeihwvfq&quot;, ...],[&quot;fpbadtrzjl&quot;, &quot;wltm&quot;, &quot;gbbatlrnsp&quot;, &quot;abeihwvfq&quot;, &quot;dxenfwamu&quot;])" fullname="Open_Lab_04._09.Tests.RemoveDupsTestRandom([&quot;fpbadtrzjl&quot;, &quot;wltm&quot;, &quot;gbbatlrnsp&quot;, &quot;wltm&quot;, &quot;abeihwvfq&quot;, ...],[&quot;fpbadtrzjl&quot;, &quot;wltm&quot;, &quot;gbbatlrnsp&quot;, &quot;abeihwvfq&quot;, &quot;dxenfwamu&quot;])" methodname="RemoveDupsTestRandom" classname="Open_Lab_04._09.Tests" runstate="Runnable" seed="1396035613" result="Passed" start-time="2021-11-09 20:45:50Z" end-time="2021-11-09 20:45:50Z" duration="0.000086" asserts="1" />
            <test-case id="1010" name="RemoveDupsTestRandom([&quot;eebkwvd&quot;, &quot;dqzs&quot;, &quot;pzxxviov&quot;, &quot;geh&quot;, &quot;iyzixbaz&quot;, ...],[&quot;eebkwvd&quot;, &quot;dqzs&quot;, &quot;pzxxviov&quot;, &quot;geh&quot;, &quot;iyzixbaz&quot;, ...])" fullname="Open_Lab_04._09.Tests.RemoveDupsTestRandom([&quot;eebkwvd&quot;, &quot;dqzs&quot;, &quot;pzxxviov&quot;, &quot;geh&quot;, &quot;iyzixbaz&quot;, ...],[&quot;eebkwvd&quot;, &quot;dqzs&quot;, &quot;pzxxviov&quot;, &quot;geh&quot;, &quot;iyzixbaz&quot;, ...])" methodname="RemoveDupsTestRandom" classname="Open_Lab_04._09.Tests" runstate="Runnable" seed="1967772086" result="Passed" start-time="2021-11-09 20:45:50Z" end-time="2021-11-09 20:45:50Z" duration="0.000094" asserts="1" />
            <test-case id="1011" name="RemoveDupsTestRandom([&quot;nol&quot;, &quot;zthyjugne&quot;, &quot;pyfcm&quot;, &quot;fkisvg&quot;, &quot;emcnsxl&quot;, ...],[&quot;nol&quot;, &quot;zthyjugne&quot;, &quot;pyfcm&quot;, &quot;fkisvg&quot;, &quot;emcnsxl&quot;, ...])" fullname="Open_Lab_04._09.Tests.RemoveDupsTestRandom([&quot;nol&quot;, &quot;zthyjugne&quot;, &quot;pyfcm&quot;, &quot;fkisvg&quot;, &quot;emcnsxl&quot;, ...],[&quot;nol&quot;, &quot;zthyjugne&quot;, &quot;pyfcm&quot;, &quot;fkisvg&quot;, &quot;emcnsxl&quot;, ...])" methodname="RemoveDupsTestRandom" classname="Open_Lab_04._09.Tests" runstate="Runnable" seed="1687050463" result="Passed" start-time="2021-11-09 20:45:50Z" end-time="2021-11-09 20:45:50Z" duration="0.000079" asserts="1" />
            <test-case id="1012" name="RemoveDupsTestRandom([&quot;oiibpzeuc&quot;, &quot;utflddfje&quot;, &quot;oiibpzeuc&quot;, &quot;oiibpzeuc&quot;, &quot;oiibpzeuc&quot;, ...],[&quot;oiibpzeuc&quot;, &quot;utflddfje&quot;, &quot;rnegktkb&quot;, &quot;oruqsenf&quot;])" fullname="Open_Lab_04._09.Tests.RemoveDupsTestRandom([&quot;oiibpzeuc&quot;, &quot;utflddfje&quot;, &quot;oiibpzeuc&quot;, &quot;oiibpzeuc&quot;, &quot;oiibpzeuc&quot;, ...],[&quot;oiibpzeuc&quot;, &quot;utflddfje&quot;, &quot;rnegktkb&quot;, &quot;oruqsenf&quot;])" methodname="RemoveDupsTestRandom" classname="Open_Lab_04._09.Tests" runstate="Runnable" seed="996191662" result="Passed" start-time="2021-11-09 20:45:50Z" end-time="2021-11-09 20:45:50Z" duration="0.000093" asserts="1" />
            <test-case id="1013" name="RemoveDupsTestRandom([&quot;cglanlrqm&quot;, &quot;zftz&quot;, &quot;jdqngjlkwh&quot;, &quot;nskb&quot;, &quot;xpc&quot;, ...],[&quot;cglanlrqm&quot;, &quot;zftz&quot;, &quot;jdqngjlkwh&quot;, &quot;nskb&quot;, &quot;xpc&quot;, ...])" fullname="Open_Lab_04._09.Tests.RemoveDupsTestRandom([&quot;cglanlrqm&quot;, &quot;zftz&quot;, &quot;jdqngjlkwh&quot;, &quot;nskb&quot;, &quot;xpc&quot;, ...],[&quot;cglanlrqm&quot;, &quot;zftz&quot;, &quot;jdqngjlkwh&quot;, &quot;nskb&quot;, &quot;xpc&quot;, ...])" methodname="RemoveDupsTestRandom" classname="Open_Lab_04._09.Tests" runstate="Runnable" seed="854570658" result="Passed" start-time="2021-11-09 20:45:50Z" end-time="2021-11-09 20:45:50Z" duration="0.000090" asserts="1" />
            <test-case id="1014" name="RemoveDupsTestRandom([&quot;rvacipljwo&quot;, &quot;rvacipljwo&quot;, &quot;rvacipljwo&quot;, &quot;wklibl&quot;, &quot;mppn&quot;, ...],[&quot;rvacipljwo&quot;, &quot;wklibl&quot;, &quot;mppn&quot;])" fullname="Open_Lab_04._09.Tests.RemoveDupsTestRandom([&quot;rvacipljwo&quot;, &quot;rvacipljwo&quot;, &quot;rvacipljwo&quot;, &quot;wklibl&quot;, &quot;mppn&quot;, ...],[&quot;rvacipljwo&quot;, &quot;wklibl&quot;, &quot;mppn&quot;])" methodname="RemoveDupsTestRandom" classname="Open_Lab_04._09.Tests" runstate="Runnable" seed="2036880221" result="Passed" start-time="2021-11-09 20:45:50Z" end-time="2021-11-09 20:45:50Z" duration="0.000113" asserts="1" />
            <test-case id="1015" name="RemoveDupsTestRandom([&quot;jfkdeoxevt&quot;, &quot;cktwxek&quot;, &quot;fce&quot;, &quot;cktwxek&quot;, &quot;cktwxek&quot;, ...],[&quot;jfkdeoxevt&quot;, &quot;cktwxek&quot;, &quot;fce&quot;])" fullname="Open_Lab_04._09.Tests.RemoveDupsTestRandom([&quot;jfkdeoxevt&quot;, &quot;cktwxek&quot;, &quot;fce&quot;, &quot;cktwxek&quot;, &quot;cktwxek&quot;, ...],[&quot;jfkdeoxevt&quot;, &quot;cktwxek&quot;, &quot;fce&quot;])" methodname="RemoveDupsTestRandom" classname="Open_Lab_04._09.Tests" runstate="Runnable" seed="1972076263" result="Passed" start-time="2021-11-09 20:45:50Z" end-time="2021-11-09 20:45:50Z" duration="0.000168" asserts="1" />
            <test-case id="1016" name="RemoveDupsTestRandom([&quot;uipv&quot;, &quot;glh&quot;, &quot;hsamwiatp&quot;, &quot;prlp&quot;, &quot;prlp&quot;, ...],[&quot;uipv&quot;, &quot;glh&quot;, &quot;hsamwiatp&quot;, &quot;prlp&quot;])" fullname="Open_Lab_04._09.Tests.RemoveDupsTestRandom([&quot;uipv&quot;, &quot;glh&quot;, &quot;hsamwiatp&quot;, &quot;prlp&quot;, &quot;prlp&quot;, ...],[&quot;uipv&quot;, &quot;glh&quot;, &quot;hsamwiatp&quot;, &quot;prlp&quot;])" methodname="RemoveDupsTestRandom" classname="Open_Lab_04._09.Tests" runstate="Runnable" seed="173497504" result="Passed" start-time="2021-11-09 20:45:50Z" end-time="2021-11-09 20:45:50Z" duration="0.000160" asserts="1" />
            <test-case id="1017" name="RemoveDupsTestRandom([&quot;ktkczzwc&quot;, &quot;tdkqdgutiv&quot;, &quot;mllyomkoll&quot;, &quot;mllyomkoll&quot;, &quot;wqhrolps&quot;, ...],[&quot;ktkczzwc&quot;, &quot;tdkqdgutiv&quot;, &quot;mllyomkoll&quot;, &quot;wqhrolps&quot;, &quot;dbjojvtup&quot;])" fullname="Open_Lab_04._09.Tests.RemoveDupsTestRandom([&quot;ktkczzwc&quot;, &quot;tdkqdgutiv&quot;, &quot;mllyomkoll&quot;, &quot;mllyomkoll&quot;, &quot;wqhrolps&quot;, ...],[&quot;ktkczzwc&quot;, &quot;tdkqdgutiv&quot;, &quot;mllyomkoll&quot;, &quot;wqhrolps&quot;, &quot;dbjojvtup&quot;])" methodname="RemoveDupsTestRandom" classname="Open_Lab_04._09.Tests" runstate="Runnable" seed="988810798" result="Passed" start-time="2021-11-09 20:45:50Z" end-time="2021-11-09 20:45:50Z" duration="0.000094" asserts="1" />
            <test-case id="1018" name="RemoveDupsTestRandom([&quot;oewsohcy&quot;, &quot;qzwzdi&quot;, &quot;bstpysobqv&quot;, &quot;ospl&quot;, &quot;bpk&quot;, ...],[&quot;oewsohcy&quot;, &quot;qzwzdi&quot;, &quot;bstpysobqv&quot;, &quot;ospl&quot;, &quot;bpk&quot;, ...])" fullname="Open_Lab_04._09.Tests.RemoveDupsTestRandom([&quot;oewsohcy&quot;, &quot;qzwzdi&quot;, &quot;bstpysobqv&quot;, &quot;ospl&quot;, &quot;bpk&quot;, ...],[&quot;oewsohcy&quot;, &quot;qzwzdi&quot;, &quot;bstpysobqv&quot;, &quot;ospl&quot;, &quot;bpk&quot;, ...])" methodname="RemoveDupsTestRandom" classname="Open_Lab_04._09.Tests" runstate="Runnable" seed="1700183052" result="Passed" start-time="2021-11-09 20:45:50Z" end-time="2021-11-09 20:45:50Z" duration="0.000091" asserts="1" />
            <test-case id="1019" name="RemoveDupsTestRandom([&quot;mdpant&quot;, &quot;jvytakl&quot;, &quot;bcfylykvji&quot;, &quot;sazkgyu&quot;, &quot;ewys&quot;, ...],[&quot;mdpant&quot;, &quot;jvytakl&quot;, &quot;bcfylykvji&quot;, &quot;sazkgyu&quot;, &quot;ewys&quot;, ...])" fullname="Open_Lab_04._09.Tests.RemoveDupsTestRandom([&quot;mdpant&quot;, &quot;jvytakl&quot;, &quot;bcfylykvji&quot;, &quot;sazkgyu&quot;, &quot;ewys&quot;, ...],[&quot;mdpant&quot;, &quot;jvytakl&quot;, &quot;bcfylykvji&quot;, &quot;sazkgyu&quot;, &quot;ewys&quot;, ...])" methodname="RemoveDupsTestRandom" classname="Open_Lab_04._09.Tests" runstate="Runnable" seed="2049505212" result="Passed" start-time="2021-11-09 20:45:50Z" end-time="2021-11-09 20:45:50Z" duration="0.000132" asserts="1" />
            <test-case id="1020" name="RemoveDupsTestRandom([&quot;yyekrbmog&quot;, &quot;ffw&quot;, &quot;jnecu&quot;, &quot;fqhvd&quot;, &quot;aigs&quot;, ...],[&quot;yyekrbmog&quot;, &quot;ffw&quot;, &quot;jnecu&quot;, &quot;fqhvd&quot;, &quot;aigs&quot;, ...])" fullname="Open_Lab_04._09.Tests.RemoveDupsTestRandom([&quot;yyekrbmog&quot;, &quot;ffw&quot;, &quot;jnecu&quot;, &quot;fqhvd&quot;, &quot;aigs&quot;, ...],[&quot;yyekrbmog&quot;, &quot;ffw&quot;, &quot;jnecu&quot;, &quot;fqhvd&quot;, &quot;aigs&quot;, ...])" methodname="RemoveDupsTestRandom" classname="Open_Lab_04._09.Tests" runstate="Runnable" seed="1258814884" result="Passed" start-time="2021-11-09 20:45:50Z" end-time="2021-11-09 20:45:50Z" duration="0.000101" asserts="1" />
            <test-case id="1021" name="RemoveDupsTestRandom([&quot;jql&quot;, &quot;zzfoizf&quot;, &quot;ucpthvrwld&quot;, &quot;owozo&quot;, &quot;efhstn&quot;, ...],[&quot;jql&quot;, &quot;zzfoizf&quot;, &quot;ucpthvrwld&quot;, &quot;owozo&quot;, &quot;efhstn&quot;, ...])" fullname="Open_Lab_04._09.Tests.RemoveDupsTestRandom([&quot;jql&quot;, &quot;zzfoizf&quot;, &quot;ucpthvrwld&quot;, &quot;owozo&quot;, &quot;efhstn&quot;, ...],[&quot;jql&quot;, &quot;zzfoizf&quot;, &quot;ucpthvrwld&quot;, &quot;owozo&quot;, &quot;efhstn&quot;, ...])" methodname="RemoveDupsTestRandom" classname="Open_Lab_04._09.Tests" runstate="Runnable" seed="1845224755" result="Passed" start-time="2021-11-09 20:45:50Z" end-time="2021-11-09 20:45:50Z" duration="0.000097" asserts="1" />
            <test-case id="1022" name="RemoveDupsTestRandom([&quot;pdaa&quot;, &quot;lvtpw&quot;, &quot;nsbxjbip&quot;, &quot;gsdylxg&quot;, &quot;lvtpw&quot;],[&quot;pdaa&quot;, &quot;lvtpw&quot;, &quot;nsbxjbip&quot;, &quot;gsdylxg&quot;])" fullname="Open_Lab_04._09.Tests.RemoveDupsTestRandom([&quot;pdaa&quot;, &quot;lvtpw&quot;, &quot;nsbxjbip&quot;, &quot;gsdylxg&quot;, &quot;lvtpw&quot;],[&quot;pdaa&quot;, &quot;lvtpw&quot;, &quot;nsbxjbip&quot;, &quot;gsdylxg&quot;])" methodname="RemoveDupsTestRandom" classname="Open_Lab_04._09.Tests" runstate="Runnable" seed="21443600" result="Passed" start-time="2021-11-09 20:45:50Z" end-time="2021-11-09 20:45:50Z" duration="0.000079" asserts="1" />
            <test-case id="1023" name="RemoveDupsTestRandom([&quot;ckbiwsfg&quot;, &quot;nekbigcc&quot;, &quot;pkvyza&quot;, &quot;jfh&quot;, &quot;lziktrhgtx&quot;, ...],[&quot;ckbiwsfg&quot;, &quot;nekbigcc&quot;, &quot;pkvyza&quot;, &quot;jfh&quot;, &quot;lziktrhgtx&quot;, ...])" fullname="Open_Lab_04._09.Tests.RemoveDupsTestRandom([&quot;ckbiwsfg&quot;, &quot;nekbigcc&quot;, &quot;pkvyza&quot;, &quot;jfh&quot;, &quot;lziktrhgtx&quot;, ...],[&quot;ckbiwsfg&quot;, &quot;nekbigcc&quot;, &quot;pkvyza&quot;, &quot;jfh&quot;, &quot;lziktrhgtx&quot;, ...])" methodname="RemoveDupsTestRandom" classname="Open_Lab_04._09.Tests" runstate="Runnable" seed="2107971953" result="Passed" start-time="2021-11-09 20:45:50Z" end-time="2021-11-09 20:45:50Z" duration="0.000091" asserts="1" />
            <test-case id="1024" name="RemoveDupsTestRandom([&quot;chycuc&quot;, &quot;ohrunbg&quot;, &quot;kbb&quot;, &quot;wdwda&quot;, &quot;sja&quot;, ...],[&quot;chycuc&quot;, &quot;ohrunbg&quot;, &quot;kbb&quot;, &quot;wdwda&quot;, &quot;sja&quot;, ...])" fullname="Open_Lab_04._09.Tests.RemoveDupsTestRandom([&quot;chycuc&quot;, &quot;ohrunbg&quot;, &quot;kbb&quot;, &quot;wdwda&quot;, &quot;sja&quot;, ...],[&quot;chycuc&quot;, &quot;ohrunbg&quot;, &quot;kbb&quot;, &quot;wdwda&quot;, &quot;sja&quot;, ...])" methodname="RemoveDupsTestRandom" classname="Open_Lab_04._09.Tests" runstate="Runnable" seed="1565334456" result="Passed" start-time="2021-11-09 20:45:50Z" end-time="2021-11-09 20:45:50Z" duration="0.000084" asserts="1" />
            <test-case id="1025" name="RemoveDupsTestRandom([&quot;nyxngc&quot;, &quot;awhuuoha&quot;, &quot;npd&quot;, &quot;cddow&quot;, &quot;mwtssmr&quot;, ...],[&quot;nyxngc&quot;, &quot;awhuuoha&quot;, &quot;npd&quot;, &quot;cddow&quot;, &quot;mwtssmr&quot;, ...])" fullname="Open_Lab_04._09.Tests.RemoveDupsTestRandom([&quot;nyxngc&quot;, &quot;awhuuoha&quot;, &quot;npd&quot;, &quot;cddow&quot;, &quot;mwtssmr&quot;, ...],[&quot;nyxngc&quot;, &quot;awhuuoha&quot;, &quot;npd&quot;, &quot;cddow&quot;, &quot;mwtssmr&quot;, ...])" methodname="RemoveDupsTestRandom" classname="Open_Lab_04._09.Tests" runstate="Runnable" seed="770660388" result="Passed" start-time="2021-11-09 20:45:50Z" end-time="2021-11-09 20:45:50Z" duration="0.000085" asserts="1" />
            <test-case id="1026" name="RemoveDupsTestRandom([&quot;tqt&quot;, &quot;tqt&quot;, &quot;gnvchinoe&quot;, &quot;qjc&quot;, &quot;jdfwyxyd&quot;, ...],[&quot;tqt&quot;, &quot;gnvchinoe&quot;, &quot;qjc&quot;, &quot;jdfwyxyd&quot;, &quot;uzg&quot;, ...])" fullname="Open_Lab_04._09.Tests.RemoveDupsTestRandom([&quot;tqt&quot;, &quot;tqt&quot;, &quot;gnvchinoe&quot;, &quot;qjc&quot;, &quot;jdfwyxyd&quot;, ...],[&quot;tqt&quot;, &quot;gnvchinoe&quot;, &quot;qjc&quot;, &quot;jdfwyxyd&quot;, &quot;uzg&quot;, ...])" methodname="RemoveDupsTestRandom" classname="Open_Lab_04._09.Tests" runstate="Runnable" seed="2012831571" result="Passed" start-time="2021-11-09 20:45:50Z" end-time="2021-11-09 20:45:50Z" duration="0.000094" asserts="1" />
            <test-case id="1027" name="RemoveDupsTestRandom([&quot;yamo&quot;, &quot;zzp&quot;, &quot;bqwacsym&quot;, &quot;uxmlgwagwx&quot;, &quot;uxmlgwagwx&quot;, ...],[&quot;yamo&quot;, &quot;zzp&quot;, &quot;bqwacsym&quot;, &quot;uxmlgwagwx&quot;, &quot;chig&quot;, ...])" fullname="Open_Lab_04._09.Tests.RemoveDupsTestRandom([&quot;yamo&quot;, &quot;zzp&quot;, &quot;bqwacsym&quot;, &quot;uxmlgwagwx&quot;, &quot;uxmlgwagwx&quot;, ...],[&quot;yamo&quot;, &quot;zzp&quot;, &quot;bqwacsym&quot;, &quot;uxmlgwagwx&quot;, &quot;chig&quot;, ...])" methodname="RemoveDupsTestRandom" classname="Open_Lab_04._09.Tests" runstate="Runnable" seed="2075428263" result="Passed" start-time="2021-11-09 20:45:50Z" end-time="2021-11-09 20:45:50Z" duration="0.000077" asserts="1" />
            <test-case id="1028" name="RemoveDupsTestRandom([&quot;xtefdf&quot;, &quot;pmabrwcz&quot;, &quot;ffqlraavg&quot;, &quot;pmabrwcz&quot;, &quot;uzlc&quot;, ...],[&quot;xtefdf&quot;, &quot;pmabrwcz&quot;, &quot;ffqlraavg&quot;, &quot;uzlc&quot;, &quot;wwuekorlh&quot;])" fullname="Open_Lab_04._09.Tests.RemoveDupsTestRandom([&quot;xtefdf&quot;, &quot;pmabrwcz&quot;, &quot;ffqlraavg&quot;, &quot;pmabrwcz&quot;, &quot;uzlc&quot;, ...],[&quot;xtefdf&quot;, &quot;pmabrwcz&quot;, &quot;ffqlraavg&quot;, &quot;uzlc&quot;, &quot;wwuekorlh&quot;])" methodname="RemoveDupsTestRandom" classname="Open_Lab_04._09.Tests" runstate="Runnable" seed="471327228" result="Passed" start-time="2021-11-09 20:45:50Z" end-time="2021-11-09 20:45:50Z" duration="0.000154" asserts="1" />
            <test-case id="1029" name="RemoveDupsTestRandom([&quot;kmsuagrapq&quot;, &quot;eryvjls&quot;, &quot;cjgafswxxf&quot;, &quot;gzvvfn&quot;, &quot;lvklnk&quot;, ...],[&quot;kmsuagrapq&quot;, &quot;eryvjls&quot;, &quot;cjgafswxxf&quot;, &quot;gzvvfn&quot;, &quot;lvklnk&quot;, ...])" fullname="Open_Lab_04._09.Tests.RemoveDupsTestRandom([&quot;kmsuagrapq&quot;, &quot;eryvjls&quot;, &quot;cjgafswxxf&quot;, &quot;gzvvfn&quot;, &quot;lvklnk&quot;, ...],[&quot;kmsuagrapq&quot;, &quot;eryvjls&quot;, &quot;cjgafswxxf&quot;, &quot;gzvvfn&quot;, &quot;lvklnk&quot;, ...])" methodname="RemoveDupsTestRandom" classname="Open_Lab_04._09.Tests" runstate="Runnable" seed="859625401" result="Passed" start-time="2021-11-09 20:45:50Z" end-time="2021-11-09 20:45:50Z" duration="0.000104" asserts="1" />
            <test-case id="1030" name="RemoveDupsTestRandom([&quot;nid&quot;, &quot;kkrl&quot;, &quot;sogi&quot;, &quot;zjdg&quot;, &quot;nid&quot;, ...],[&quot;nid&quot;, &quot;kkrl&quot;, &quot;sogi&quot;, &quot;zjdg&quot;, &quot;ykjdcgk&quot;])" fullname="Open_Lab_04._09.Tests.RemoveDupsTestRandom([&quot;nid&quot;, &quot;kkrl&quot;, &quot;sogi&quot;, &quot;zjdg&quot;, &quot;nid&quot;, ...],[&quot;nid&quot;, &quot;kkrl&quot;, &quot;sogi&quot;, &quot;zjdg&quot;, &quot;ykjdcgk&quot;])" methodname="RemoveDupsTestRandom" classname="Open_Lab_04._09.Tests" runstate="Runnable" seed="46240365" result="Passed" start-time="2021-11-09 20:45:50Z" end-time="2021-11-09 20:45:50Z" duration="0.000074" asserts="1" />
            <test-case id="1031" name="RemoveDupsTestRandom([&quot;apeccg&quot;, &quot;cmhnbkk&quot;, &quot;apeccg&quot;, &quot;apeccg&quot;, &quot;apeccg&quot;, ...],[&quot;apeccg&quot;, &quot;cmhnbkk&quot;])" fullname="Open_Lab_04._09.Tests.RemoveDupsTestRandom([&quot;apeccg&quot;, &quot;cmhnbkk&quot;, &quot;apeccg&quot;, &quot;apeccg&quot;, &quot;apeccg&quot;, ...],[&quot;apeccg&quot;, &quot;cmhnbkk&quot;])" methodname="RemoveDupsTestRandom" classname="Open_Lab_04._09.Tests" runstate="Runnable" seed="787742237" result="Passed" start-time="2021-11-09 20:45:50Z" end-time="2021-11-09 20:45:50Z" duration="0.000089" asserts="1" />
            <test-case id="1032" name="RemoveDupsTestRandom([&quot;rhmmmp&quot;, &quot;pufjir&quot;, &quot;dmpx&quot;, &quot;pufjir&quot;, &quot;ifl&quot;, ...],[&quot;rhmmmp&quot;, &quot;pufjir&quot;, &quot;dmpx&quot;, &quot;ifl&quot;, &quot;agpo&quot;, ...])" fullname="Open_Lab_04._09.Tests.RemoveDupsTestRandom([&quot;rhmmmp&quot;, &quot;pufjir&quot;, &quot;dmpx&quot;, &quot;pufjir&quot;, &quot;ifl&quot;, ...],[&quot;rhmmmp&quot;, &quot;pufjir&quot;, &quot;dmpx&quot;, &quot;ifl&quot;, &quot;agpo&quot;, ...])" methodname="RemoveDupsTestRandom" classname="Open_Lab_04._09.Tests" runstate="Runnable" seed="810936087" result="Passed" start-time="2021-11-09 20:45:50Z" end-time="2021-11-09 20:45:50Z" duration="0.000106" asserts="1" />
            <test-case id="1033" name="RemoveDupsTestRandom([&quot;tsdkpce&quot;, &quot;ypeokspej&quot;, &quot;zcqrrtls&quot;, &quot;oqnwfkcmr&quot;, &quot;ypeokspej&quot;],[&quot;tsdkpce&quot;, &quot;ypeokspej&quot;, &quot;zcqrrtls&quot;, &quot;oqnwfkcmr&quot;])" fullname="Open_Lab_04._09.Tests.RemoveDupsTestRandom([&quot;tsdkpce&quot;, &quot;ypeokspej&quot;, &quot;zcqrrtls&quot;, &quot;oqnwfkcmr&quot;, &quot;ypeokspej&quot;],[&quot;tsdkpce&quot;, &quot;ypeokspej&quot;, &quot;zcqrrtls&quot;, &quot;oqnwfkcmr&quot;])" methodname="RemoveDupsTestRandom" classname="Open_Lab_04._09.Tests" runstate="Runnable" seed="1352503538" result="Passed" start-time="2021-11-09 20:45:50Z" end-time="2021-11-09 20:45:50Z" duration="0.000078" asserts="1" />
            <test-case id="1034" name="RemoveDupsTestRandom([&quot;llaxepefv&quot;, &quot;llaxepefv&quot;, &quot;llaxepefv&quot;, &quot;llaxepefv&quot;, &quot;llaxepefv&quot;, ...],[&quot;llaxepefv&quot;])" fullname="Open_Lab_04._09.Tests.RemoveDupsTestRandom([&quot;llaxepefv&quot;, &quot;llaxepefv&quot;, &quot;llaxepefv&quot;, &quot;llaxepefv&quot;, &quot;llaxepefv&quot;, ...],[&quot;llaxepefv&quot;])" methodname="RemoveDupsTestRandom" classname="Open_Lab_04._09.Tests" runstate="Runnable" seed="1174576817" result="Passed" start-time="2021-11-09 20:45:50Z" end-time="2021-11-09 20:45:50Z" duration="0.000099" asserts="1" />
            <test-case id="1035" name="RemoveDupsTestRandom([&quot;fquefmk&quot;, &quot;wmfgzj&quot;, &quot;faytklk&quot;, &quot;qtoictbaxa&quot;, &quot;ozktp&quot;, ...],[&quot;fquefmk&quot;, &quot;wmfgzj&quot;, &quot;faytklk&quot;, &quot;qtoictbaxa&quot;, &quot;ozktp&quot;, ...])" fullname="Open_Lab_04._09.Tests.RemoveDupsTestRandom([&quot;fquefmk&quot;, &quot;wmfgzj&quot;, &quot;faytklk&quot;, &quot;qtoictbaxa&quot;, &quot;ozktp&quot;, ...],[&quot;fquefmk&quot;, &quot;wmfgzj&quot;, &quot;faytklk&quot;, &quot;qtoictbaxa&quot;, &quot;ozktp&quot;, ...])" methodname="RemoveDupsTestRandom" classname="Open_Lab_04._09.Tests" runstate="Runnable" seed="2141497015" result="Passed" start-time="2021-11-09 20:45:50Z" end-time="2021-11-09 20:45:50Z" duration="0.000122" asserts="1" />
            <test-case id="1036" name="RemoveDupsTestRandom([&quot;trojyte&quot;, &quot;qrxgzuqmp&quot;, &quot;oby&quot;, &quot;qrxgzuqmp&quot;, &quot;trojyte&quot;, ...],[&quot;trojyte&quot;, &quot;qrxgzuqmp&quot;, &quot;oby&quot;, &quot;qnlvjto&quot;, &quot;sclpeugk&quot;, ...])" fullname="Open_Lab_04._09.Tests.RemoveDupsTestRandom([&quot;trojyte&quot;, &quot;qrxgzuqmp&quot;, &quot;oby&quot;, &quot;qrxgzuqmp&quot;, &quot;trojyte&quot;, ...],[&quot;trojyte&quot;, &quot;qrxgzuqmp&quot;, &quot;oby&quot;, &quot;qnlvjto&quot;, &quot;sclpeugk&quot;, ...])" methodname="RemoveDupsTestRandom" classname="Open_Lab_04._09.Tests" runstate="Runnable" seed="401006641" result="Passed" start-time="2021-11-09 20:45:50Z" end-time="2021-11-09 20:45:50Z" duration="0.000424" asserts="1" />
            <test-case id="1037" name="RemoveDupsTestRandom([&quot;ejeasqnwh&quot;, &quot;wsjxg&quot;, &quot;ooqruxjm&quot;, &quot;laghiky&quot;, &quot;yqqacruo&quot;, ...],[&quot;ejeasqnwh&quot;, &quot;wsjxg&quot;, &quot;ooqruxjm&quot;, &quot;laghiky&quot;, &quot;yqqacruo&quot;, ...])" fullname="Open_Lab_04._09.Tests.RemoveDupsTestRandom([&quot;ejeasqnwh&quot;, &quot;wsjxg&quot;, &quot;ooqruxjm&quot;, &quot;laghiky&quot;, &quot;yqqacruo&quot;, ...],[&quot;ejeasqnwh&quot;, &quot;wsjxg&quot;, &quot;ooqruxjm&quot;, &quot;laghiky&quot;, &quot;yqqacruo&quot;, ...])" methodname="RemoveDupsTestRandom" classname="Open_Lab_04._09.Tests" runstate="Runnable" seed="1381052143" result="Passed" start-time="2021-11-09 20:45:50Z" end-time="2021-11-09 20:45:50Z" duration="0.000268" asserts="1" />
            <test-case id="1038" name="RemoveDupsTestRandom([&quot;tcjr&quot;, &quot;rwlderkob&quot;, &quot;biiifp&quot;, &quot;mwcvi&quot;, &quot;nylcl&quot;, ...],[&quot;tcjr&quot;, &quot;rwlderkob&quot;, &quot;biiifp&quot;, &quot;mwcvi&quot;, &quot;nylcl&quot;, ...])" fullname="Open_Lab_04._09.Tests.RemoveDupsTestRandom([&quot;tcjr&quot;, &quot;rwlderkob&quot;, &quot;biiifp&quot;, &quot;mwcvi&quot;, &quot;nylcl&quot;, ...],[&quot;tcjr&quot;, &quot;rwlderkob&quot;, &quot;biiifp&quot;, &quot;mwcvi&quot;, &quot;nylcl&quot;, ...])" methodname="RemoveDupsTestRandom" classname="Open_Lab_04._09.Tests" runstate="Runnable" seed="1489023631" result="Passed" start-time="2021-11-09 20:45:50Z" end-time="2021-11-09 20:45:50Z" duration="0.000904" asserts="1" />
            <test-case id="1039" name="RemoveDupsTestRandom([&quot;wdta&quot;, &quot;tfwdfme&quot;, &quot;qmvuvxdhr&quot;, &quot;ozhoso&quot;, &quot;khtpjbysh&quot;, ...],[&quot;wdta&quot;, &quot;tfwdfme&quot;, &quot;qmvuvxdhr&quot;, &quot;ozhoso&quot;, &quot;khtpjbysh&quot;, ...])" fullname="Open_Lab_04._09.Tests.RemoveDupsTestRandom([&quot;wdta&quot;, &quot;tfwdfme&quot;, &quot;qmvuvxdhr&quot;, &quot;ozhoso&quot;, &quot;khtpjbysh&quot;, ...],[&quot;wdta&quot;, &quot;tfwdfme&quot;, &quot;qmvuvxdhr&quot;, &quot;ozhoso&quot;, &quot;khtpjbysh&quot;, ...])" methodname="RemoveDupsTestRandom" classname="Open_Lab_04._09.Tests" runstate="Runnable" seed="146183759" result="Passed" start-time="2021-11-09 20:45:50Z" end-time="2021-11-09 20:45:50Z" duration="0.000223" asserts="1" />
            <test-case id="1040" name="RemoveDupsTestRandom([&quot;eztvzut&quot;, &quot;dlrsvycau&quot;, &quot;sktg&quot;, &quot;luttvf&quot;, &quot;cbcj&quot;, ...],[&quot;eztvzut&quot;, &quot;dlrsvycau&quot;, &quot;sktg&quot;, &quot;luttvf&quot;, &quot;cbcj&quot;, ...])" fullname="Open_Lab_04._09.Tests.RemoveDupsTestRandom([&quot;eztvzut&quot;, &quot;dlrsvycau&quot;, &quot;sktg&quot;, &quot;luttvf&quot;, &quot;cbcj&quot;, ...],[&quot;eztvzut&quot;, &quot;dlrsvycau&quot;, &quot;sktg&quot;, &quot;luttvf&quot;, &quot;cbcj&quot;, ...])" methodname="RemoveDupsTestRandom" classname="Open_Lab_04._09.Tests" runstate="Runnable" seed="1917554373" result="Passed" start-time="2021-11-09 20:45:50Z" end-time="2021-11-09 20:45:50Z" duration="0.000127" asserts="1" />
            <test-case id="1041" name="RemoveDupsTestRandom([&quot;bsxhhqk&quot;, &quot;ajlaln&quot;, &quot;ssnmfsppyt&quot;, &quot;knpwcwtv&quot;, &quot;gxepb&quot;, ...],[&quot;bsxhhqk&quot;, &quot;ajlaln&quot;, &quot;ssnmfsppyt&quot;, &quot;knpwcwtv&quot;, &quot;gxepb&quot;, ...])" fullname="Open_Lab_04._09.Tests.RemoveDupsTestRandom([&quot;bsxhhqk&quot;, &quot;ajlaln&quot;, &quot;ssnmfsppyt&quot;, &quot;knpwcwtv&quot;, &quot;gxepb&quot;, ...],[&quot;bsxhhqk&quot;, &quot;ajlaln&quot;, &quot;ssnmfsppyt&quot;, &quot;knpwcwtv&quot;, &quot;gxepb&quot;, ...])" methodname="RemoveDupsTestRandom" classname="Open_Lab_04._09.Tests" runstate="Runnable" seed="1776273375" result="Passed" start-time="2021-11-09 20:45:50Z" end-time="2021-11-09 20:45:50Z" duration="0.000099" asserts="1" />
            <test-case id="1042" name="RemoveDupsTestRandom([&quot;qnb&quot;, &quot;prg&quot;, &quot;oqnde&quot;, &quot;qlkfal&quot;, &quot;mdjitdx&quot;],[&quot;qnb&quot;, &quot;prg&quot;, &quot;oqnde&quot;, &quot;qlkfal&quot;, &quot;mdjitdx&quot;])" fullname="Open_Lab_04._09.Tests.RemoveDupsTestRandom([&quot;qnb&quot;, &quot;prg&quot;, &quot;oqnde&quot;, &quot;qlkfal&quot;, &quot;mdjitdx&quot;],[&quot;qnb&quot;, &quot;prg&quot;, &quot;oqnde&quot;, &quot;qlkfal&quot;, &quot;mdjitdx&quot;])" methodname="RemoveDupsTestRandom" classname="Open_Lab_04._09.Tests" runstate="Runnable" seed="1440774151" result="Passed" start-time="2021-11-09 20:45:50Z" end-time="2021-11-09 20:45:50Z" duration="0.000076" asserts="1" />
            <test-case id="1043" name="RemoveDupsTestRandom([&quot;uogf&quot;, &quot;savnpz&quot;, &quot;ued&quot;, &quot;gtrjywrgy&quot;, &quot;gtrjywrgy&quot;, ...],[&quot;uogf&quot;, &quot;savnpz&quot;, &quot;ued&quot;, &quot;gtrjywrgy&quot;, &quot;vyzkquq&quot;, ...])" fullname="Open_Lab_04._09.Tests.RemoveDupsTestRandom([&quot;uogf&quot;, &quot;savnpz&quot;, &quot;ued&quot;, &quot;gtrjywrgy&quot;, &quot;gtrjywrgy&quot;, ...],[&quot;uogf&quot;, &quot;savnpz&quot;, &quot;ued&quot;, &quot;gtrjywrgy&quot;, &quot;vyzkquq&quot;, ...])" methodname="RemoveDupsTestRandom" classname="Open_Lab_04._09.Tests" runstate="Runnable" seed="1741930836" result="Passed" start-time="2021-11-09 20:45:50Z" end-time="2021-11-09 20:45:50Z" duration="0.000102" asserts="1" />
            <test-case id="1044" name="RemoveDupsTestRandom([&quot;tintfri&quot;, &quot;jtktwcnn&quot;, &quot;vhxgssx&quot;, &quot;iyzwv&quot;, &quot;vqeydmxmug&quot;, ...],[&quot;tintfri&quot;, &quot;jtktwcnn&quot;, &quot;vhxgssx&quot;, &quot;iyzwv&quot;, &quot;vqeydmxmug&quot;, ...])" fullname="Open_Lab_04._09.Tests.RemoveDupsTestRandom([&quot;tintfri&quot;, &quot;jtktwcnn&quot;, &quot;vhxgssx&quot;, &quot;iyzwv&quot;, &quot;vqeydmxmug&quot;, ...],[&quot;tintfri&quot;, &quot;jtktwcnn&quot;, &quot;vhxgssx&quot;, &quot;iyzwv&quot;, &quot;vqeydmxmug&quot;, ...])" methodname="RemoveDupsTestRandom" classname="Open_Lab_04._09.Tests" runstate="Runnable" seed="408913282" result="Passed" start-time="2021-11-09 20:45:50Z" end-time="2021-11-09 20:45:50Z" duration="0.000078" asserts="1" />
            <test-case id="1045" name="RemoveDupsTestRandom([&quot;gmx&quot;, &quot;gmx&quot;, &quot;gmx&quot;, &quot;gmx&quot;, &quot;gmx&quot;, ...],[&quot;gmx&quot;])" fullname="Open_Lab_04._09.Tests.RemoveDupsTestRandom([&quot;gmx&quot;, &quot;gmx&quot;, &quot;gmx&quot;, &quot;gmx&quot;, &quot;gmx&quot;, ...],[&quot;gmx&quot;])" methodname="RemoveDupsTestRandom" classname="Open_Lab_04._09.Tests" runstate="Runnable" seed="1444098490" result="Passed" start-time="2021-11-09 20:45:50Z" end-time="2021-11-09 20:45:50Z" duration="0.000080" asserts="1" />
            <test-case id="1046" name="RemoveDupsTestRandom([&quot;atvkxsnszi&quot;, &quot;ewnojtjyru&quot;, &quot;lbtxf&quot;, &quot;bpxhgwa&quot;, &quot;lbtxf&quot;, ...],[&quot;atvkxsnszi&quot;, &quot;ewnojtjyru&quot;, &quot;lbtxf&quot;, &quot;bpxhgwa&quot;])" fullname="Open_Lab_04._09.Tests.RemoveDupsTestRandom([&quot;atvkxsnszi&quot;, &quot;ewnojtjyru&quot;, &quot;lbtxf&quot;, &quot;bpxhgwa&quot;, &quot;lbtxf&quot;, ...],[&quot;atvkxsnszi&quot;, &quot;ewnojtjyru&quot;, &quot;lbtxf&quot;, &quot;bpxhgwa&quot;])" methodname="RemoveDupsTestRandom" classname="Open_Lab_04._09.Tests" runstate="Runnable" seed="32390360" result="Passed" start-time="2021-11-09 20:45:50Z" end-time="2021-11-09 20:45:50Z" duration="0.000091" asserts="1" />
            <test-case id="1047" name="RemoveDupsTestRandom([&quot;dhl&quot;, &quot;nclnbofjt&quot;, &quot;caazoi&quot;, &quot;caazoi&quot;, &quot;pfxl&quot;, ...],[&quot;dhl&quot;, &quot;nclnbofjt&quot;, &quot;caazoi&quot;, &quot;pfxl&quot;, &quot;ljo&quot;, ...])" fullname="Open_Lab_04._09.Tests.RemoveDupsTestRandom([&quot;dhl&quot;, &quot;nclnbofjt&quot;, &quot;caazoi&quot;, &quot;caazoi&quot;, &quot;pfxl&quot;, ...],[&quot;dhl&quot;, &quot;nclnbofjt&quot;, &quot;caazoi&quot;, &quot;pfxl&quot;, &quot;ljo&quot;, ...])" methodname="RemoveDupsTestRandom" classname="Open_Lab_04._09.Tests" runstate="Runnable" seed="787904798" result="Passed" start-time="2021-11-09 20:45:50Z" end-time="2021-11-09 20:45:50Z" duration="0.000077" asserts="1" />
            <test-case id="1048" name="RemoveDupsTestRandom([&quot;wwrhmblbr&quot;, &quot;duvdqic&quot;, &quot;wwrhmblbr&quot;, &quot;bxmhcwpsda&quot;, &quot;bxmhcwpsda&quot;],[&quot;wwrhmblbr&quot;, &quot;duvdqic&quot;, &quot;bxmhcwpsda&quot;])" fullname="Open_Lab_04._09.Tests.RemoveDupsTestRandom([&quot;wwrhmblbr&quot;, &quot;duvdqic&quot;, &quot;wwrhmblbr&quot;, &quot;bxmhcwpsda&quot;, &quot;bxmhcwpsda&quot;],[&quot;wwrhmblbr&quot;, &quot;duvdqic&quot;, &quot;bxmhcwpsda&quot;])" methodname="RemoveDupsTestRandom" classname="Open_Lab_04._09.Tests" runstate="Runnable" seed="691634194" result="Passed" start-time="2021-11-09 20:45:50Z" end-time="2021-11-09 20:45:50Z" duration="0.000091" asserts="1" />
            <test-case id="1049" name="RemoveDupsTestRandom([&quot;pkjyfew&quot;, &quot;tien&quot;, &quot;tien&quot;, &quot;pkjyfew&quot;, &quot;pkjyfew&quot;],[&quot;pkjyfew&quot;, &quot;tien&quot;])" fullname="Open_Lab_04._09.Tests.RemoveDupsTestRandom([&quot;pkjyfew&quot;, &quot;tien&quot;, &quot;tien&quot;, &quot;pkjyfew&quot;, &quot;pkjyfew&quot;],[&quot;pkjyfew&quot;, &quot;tien&quot;])" methodname="RemoveDupsTestRandom" classname="Open_Lab_04._09.Tests" runstate="Runnable" seed="1109690289" result="Passed" start-time="2021-11-09 20:45:50Z" end-time="2021-11-09 20:45:50Z" duration="0.000079" asserts="1" />
            <test-case id="1050" name="RemoveDupsTestRandom([&quot;dtsysmlfux&quot;, &quot;yteiclvgz&quot;, &quot;zjuhac&quot;, &quot;kgpmvcbtqo&quot;, &quot;yteiclvgz&quot;, ...],[&quot;dtsysmlfux&quot;, &quot;yteiclvgz&quot;, &quot;zjuhac&quot;, &quot;kgpmvcbtqo&quot;])" fullname="Open_Lab_04._09.Tests.RemoveDupsTestRandom([&quot;dtsysmlfux&quot;, &quot;yteiclvgz&quot;, &quot;zjuhac&quot;, &quot;kgpmvcbtqo&quot;, &quot;yteiclvgz&quot;, ...],[&quot;dtsysmlfux&quot;, &quot;yteiclvgz&quot;, &quot;zjuhac&quot;, &quot;kgpmvcbtqo&quot;])" methodname="RemoveDupsTestRandom" classname="Open_Lab_04._09.Tests" runstate="Runnable" seed="2061569704" result="Passed" start-time="2021-11-09 20:45:50Z" end-time="2021-11-09 20:45:50Z" duration="0.000131" asserts="1" />
            <test-case id="1051" name="RemoveDupsTestRandom([&quot;qsjxxylhqk&quot;, &quot;ajfaduahgn&quot;, &quot;ajfaduahgn&quot;, &quot;uex&quot;, &quot;cdazyq&quot;, ...],[&quot;qsjxxylhqk&quot;, &quot;ajfaduahgn&quot;, &quot;uex&quot;, &quot;cdazyq&quot;, &quot;svpv&quot;])" fullname="Open_Lab_04._09.Tests.RemoveDupsTestRandom([&quot;qsjxxylhqk&quot;, &quot;ajfaduahgn&quot;, &quot;ajfaduahgn&quot;, &quot;uex&quot;, &quot;cdazyq&quot;, ...],[&quot;qsjxxylhqk&quot;, &quot;ajfaduahgn&quot;, &quot;uex&quot;, &quot;cdazyq&quot;, &quot;svpv&quot;])" methodname="RemoveDupsTestRandom" classname="Open_Lab_04._09.Tests" runstate="Runnable" seed="278966278" result="Passed" start-time="2021-11-09 20:45:50Z" end-time="2021-11-09 20:45:50Z" duration="0.000092" asserts="1" />
            <test-case id="1052" name="RemoveDupsTestRandom([&quot;uhfpio&quot;, &quot;lyocaspopw&quot;, &quot;uyk&quot;, &quot;uhfpio&quot;, &quot;sycyowhd&quot;, ...],[&quot;uhfpio&quot;, &quot;lyocaspopw&quot;, &quot;uyk&quot;, &quot;sycyowhd&quot;, &quot;xqlqotug&quot;, ...])" fullname="Open_Lab_04._09.Tests.RemoveDupsTestRandom([&quot;uhfpio&quot;, &quot;lyocaspopw&quot;, &quot;uyk&quot;, &quot;uhfpio&quot;, &quot;sycyowhd&quot;, ...],[&quot;uhfpio&quot;, &quot;lyocaspopw&quot;, &quot;uyk&quot;, &quot;sycyowhd&quot;, &quot;xqlqotug&quot;, ...])" methodname="RemoveDupsTestRandom" classname="Open_Lab_04._09.Tests" runstate="Runnable" seed="32895718" result="Passed" start-time="2021-11-09 20:45:50Z" end-time="2021-11-09 20:45:50Z" duration="0.000087" asserts="1" />
            <test-case id="1053" name="RemoveDupsTestRandom([&quot;tqh&quot;, &quot;fkjbcjon&quot;, &quot;wzabfb&quot;, &quot;hywv&quot;, &quot;fkjbcjon&quot;, ...],[&quot;tqh&quot;, &quot;fkjbcjon&quot;, &quot;wzabfb&quot;, &quot;hywv&quot;, &quot;swohkfu&quot;, ...])" fullname="Open_Lab_04._09.Tests.RemoveDupsTestRandom([&quot;tqh&quot;, &quot;fkjbcjon&quot;, &quot;wzabfb&quot;, &quot;hywv&quot;, &quot;fkjbcjon&quot;, ...],[&quot;tqh&quot;, &quot;fkjbcjon&quot;, &quot;wzabfb&quot;, &quot;hywv&quot;, &quot;swohkfu&quot;, ...])" methodname="RemoveDupsTestRandom" classname="Open_Lab_04._09.Tests" runstate="Runnable" seed="1259018552" result="Passed" start-time="2021-11-09 20:45:50Z" end-time="2021-11-09 20:45:50Z" duration="0.000134" asserts="1" />
            <test-case id="1054" name="RemoveDupsTestRandom([&quot;hjwddrtg&quot;, &quot;hvuzs&quot;, &quot;mzagf&quot;, &quot;lleswt&quot;, &quot;ohny&quot;, ...],[&quot;hjwddrtg&quot;, &quot;hvuzs&quot;, &quot;mzagf&quot;, &quot;lleswt&quot;, &quot;ohny&quot;, ...])" fullname="Open_Lab_04._09.Tests.RemoveDupsTestRandom([&quot;hjwddrtg&quot;, &quot;hvuzs&quot;, &quot;mzagf&quot;, &quot;lleswt&quot;, &quot;ohny&quot;, ...],[&quot;hjwddrtg&quot;, &quot;hvuzs&quot;, &quot;mzagf&quot;, &quot;lleswt&quot;, &quot;ohny&quot;, ...])" methodname="RemoveDupsTestRandom" classname="Open_Lab_04._09.Tests" runstate="Runnable" seed="221227833" result="Passed" start-time="2021-11-09 20:45:50Z" end-time="2021-11-09 20:45:50Z" duration="0.000096" asserts="1" />
            <test-case id="1055" name="RemoveDupsTestRandom([&quot;inpwmxngy&quot;, &quot;cphqpjnb&quot;, &quot;inpwmxngy&quot;, &quot;kklxawdrp&quot;, &quot;yvjeobhp&quot;],[&quot;inpwmxngy&quot;, &quot;cphqpjnb&quot;, &quot;kklxawdrp&quot;, &quot;yvjeobhp&quot;])" fullname="Open_Lab_04._09.Tests.RemoveDupsTestRandom([&quot;inpwmxngy&quot;, &quot;cphqpjnb&quot;, &quot;inpwmxngy&quot;, &quot;kklxawdrp&quot;, &quot;yvjeobhp&quot;],[&quot;inpwmxngy&quot;, &quot;cphqpjnb&quot;, &quot;kklxawdrp&quot;, &quot;yvjeobhp&quot;])" methodname="RemoveDupsTestRandom" classname="Open_Lab_04._09.Tests" runstate="Runnable" seed="332257115" result="Passed" start-time="2021-11-09 20:45:50Z" end-time="2021-11-09 20:45:50Z" duration="0.000225" asserts="1" />
            <test-case id="1056" name="RemoveDupsTestRandom([&quot;fhd&quot;, &quot;tvofaumbx&quot;, &quot;tvofaumbx&quot;, &quot;tvofaumbx&quot;, &quot;tvofaumbx&quot;, ...],[&quot;fhd&quot;, &quot;tvofaumbx&quot;, &quot;rrgghbxamy&quot;])" fullname="Open_Lab_04._09.Tests.RemoveDupsTestRandom([&quot;fhd&quot;, &quot;tvofaumbx&quot;, &quot;tvofaumbx&quot;, &quot;tvofaumbx&quot;, &quot;tvofaumbx&quot;, ...],[&quot;fhd&quot;, &quot;tvofaumbx&quot;, &quot;rrgghbxamy&quot;])" methodname="RemoveDupsTestRandom" classname="Open_Lab_04._09.Tests" runstate="Runnable" seed="444652828" result="Passed" start-time="2021-11-09 20:45:50Z" end-time="2021-11-09 20:45:50Z" duration="0.000142" asserts="1" />
            <test-case id="1057" name="RemoveDupsTestRandom([&quot;aorom&quot;, &quot;fshlzypn&quot;, &quot;aorom&quot;, &quot;qmsgvhog&quot;, &quot;akgvhb&quot;, ...],[&quot;aorom&quot;, &quot;fshlzypn&quot;, &quot;qmsgvhog&quot;, &quot;akgvhb&quot;, &quot;wjjfhb&quot;, ...])" fullname="Open_Lab_04._09.Tests.RemoveDupsTestRandom([&quot;aorom&quot;, &quot;fshlzypn&quot;, &quot;aorom&quot;, &quot;qmsgvhog&quot;, &quot;akgvhb&quot;, ...],[&quot;aorom&quot;, &quot;fshlzypn&quot;, &quot;qmsgvhog&quot;, &quot;akgvhb&quot;, &quot;wjjfhb&quot;, ...])" methodname="RemoveDupsTestRandom" classname="Open_Lab_04._09.Tests" runstate="Runnable" seed="1931303907" result="Passed" start-time="2021-11-09 20:45:50Z" end-time="2021-11-09 20:45:50Z" duration="0.000214" asserts="1" />
            <test-case id="1058" name="RemoveDupsTestRandom([&quot;gfizmske&quot;, &quot;gfizmske&quot;, &quot;gfizmske&quot;, &quot;gfizmske&quot;, &quot;gfizmske&quot;],[&quot;gfizmske&quot;])" fullname="Open_Lab_04._09.Tests.RemoveDupsTestRandom([&quot;gfizmske&quot;, &quot;gfizmske&quot;, &quot;gfizmske&quot;, &quot;gfizmske&quot;, &quot;gfizmske&quot;],[&quot;gfizmske&quot;])" methodname="RemoveDupsTestRandom" classname="Open_Lab_04._09.Tests" runstate="Runnable" seed="1745812634" result="Passed" start-time="2021-11-09 20:45:50Z" end-time="2021-11-09 20:45:50Z" duration="0.000249" asserts="1" />
            <test-case id="1059" name="RemoveDupsTestRandom([&quot;tisx&quot;, &quot;nnonvz&quot;, &quot;zbxlj&quot;, &quot;tisx&quot;, &quot;kkdlqe&quot;, ...],[&quot;tisx&quot;, &quot;nnonvz&quot;, &quot;zbxlj&quot;, &quot;kkdlqe&quot;, &quot;glkl&quot;, ...])" fullname="Open_Lab_04._09.Tests.RemoveDupsTestRandom([&quot;tisx&quot;, &quot;nnonvz&quot;, &quot;zbxlj&quot;, &quot;tisx&quot;, &quot;kkdlqe&quot;, ...],[&quot;tisx&quot;, &quot;nnonvz&quot;, &quot;zbxlj&quot;, &quot;kkdlqe&quot;, &quot;glkl&quot;, ...])" methodname="RemoveDupsTestRandom" classname="Open_Lab_04._09.Tests" runstate="Runnable" seed="1429456512" result="Passed" start-time="2021-11-09 20:45:50Z" end-time="2021-11-09 20:45:50Z" duration="0.000191" asserts="1" />
            <test-case id="1060" name="RemoveDupsTestRandom([&quot;jjctuxpz&quot;, &quot;awigbywdv&quot;, &quot;gloci&quot;, &quot;awigbywdv&quot;, &quot;xak&quot;, ...],[&quot;jjctuxpz&quot;, &quot;awigbywdv&quot;, &quot;gloci&quot;, &quot;xak&quot;, &quot;faa&quot;, ...])" fullname="Open_Lab_04._09.Tests.RemoveDupsTestRandom([&quot;jjctuxpz&quot;, &quot;awigbywdv&quot;, &quot;gloci&quot;, &quot;awigbywdv&quot;, &quot;xak&quot;, ...],[&quot;jjctuxpz&quot;, &quot;awigbywdv&quot;, &quot;gloci&quot;, &quot;xak&quot;, &quot;faa&quot;, ...])" methodname="RemoveDupsTestRandom" classname="Open_Lab_04._09.Tests" runstate="Runnable" seed="1184802071" result="Passed" start-time="2021-11-09 20:45:50Z" end-time="2021-11-09 20:45:50Z" duration="0.000101" asserts="1" />
            <test-case id="1061" name="RemoveDupsTestRandom([&quot;plt&quot;, &quot;xyhe&quot;, &quot;ibadrjd&quot;, &quot;gofdrm&quot;, &quot;onrpyoox&quot;, ...],[&quot;plt&quot;, &quot;xyhe&quot;, &quot;ibadrjd&quot;, &quot;gofdrm&quot;, &quot;onrpyoox&quot;, ...])" fullname="Open_Lab_04._09.Tests.RemoveDupsTestRandom([&quot;plt&quot;, &quot;xyhe&quot;, &quot;ibadrjd&quot;, &quot;gofdrm&quot;, &quot;onrpyoox&quot;, ...],[&quot;plt&quot;, &quot;xyhe&quot;, &quot;ibadrjd&quot;, &quot;gofdrm&quot;, &quot;onrpyoox&quot;, ...])" methodname="RemoveDupsTestRandom" classname="Open_Lab_04._09.Tests" runstate="Runnable" seed="2080769166" result="Passed" start-time="2021-11-09 20:45:50Z" end-time="2021-11-09 20:45:50Z" duration="0.000156" asserts="1" />
            <test-case id="1062" name="RemoveDupsTestRandom([&quot;hqtfslekn&quot;, &quot;hqtfslekn&quot;, &quot;kkea&quot;, &quot;hqtfslekn&quot;, &quot;hqtfslekn&quot;, ...],[&quot;hqtfslekn&quot;, &quot;kkea&quot;])" fullname="Open_Lab_04._09.Tests.RemoveDupsTestRandom([&quot;hqtfslekn&quot;, &quot;hqtfslekn&quot;, &quot;kkea&quot;, &quot;hqtfslekn&quot;, &quot;hqtfslekn&quot;, ...],[&quot;hqtfslekn&quot;, &quot;kkea&quot;])" methodname="RemoveDupsTestRandom" classname="Open_Lab_04._09.Tests" runstate="Runnable" seed="173204155" result="Passed" start-time="2021-11-09 20:45:50Z" end-time="2021-11-09 20:45:50Z" duration="0.000072" asserts="1" />
            <test-case id="1063" name="RemoveDupsTestRandom([&quot;kqgqyyg&quot;, &quot;aabowgdc&quot;, &quot;wrimm&quot;, &quot;xmbrkldkdc&quot;, &quot;xmbrkldkdc&quot;, ...],[&quot;kqgqyyg&quot;, &quot;aabowgdc&quot;, &quot;wrimm&quot;, &quot;xmbrkldkdc&quot;])" fullname="Open_Lab_04._09.Tests.RemoveDupsTestRandom([&quot;kqgqyyg&quot;, &quot;aabowgdc&quot;, &quot;wrimm&quot;, &quot;xmbrkldkdc&quot;, &quot;xmbrkldkdc&quot;, ...],[&quot;kqgqyyg&quot;, &quot;aabowgdc&quot;, &quot;wrimm&quot;, &quot;xmbrkldkdc&quot;])" methodname="RemoveDupsTestRandom" classname="Open_Lab_04._09.Tests" runstate="Runnable" seed="1298366784" result="Passed" start-time="2021-11-09 20:45:50Z" end-time="2021-11-09 20:45:50Z" duration="0.000080" asserts="1" />
            <test-case id="1064" name="RemoveDupsTestRandom([&quot;vbjlcwg&quot;, &quot;dtwbgcckp&quot;, &quot;mhhz&quot;, &quot;jmjpinye&quot;, &quot;vbjlcwg&quot;, ...],[&quot;vbjlcwg&quot;, &quot;dtwbgcckp&quot;, &quot;mhhz&quot;, &quot;jmjpinye&quot;, &quot;mbxdn&quot;])" fullname="Open_Lab_04._09.Tests.RemoveDupsTestRandom([&quot;vbjlcwg&quot;, &quot;dtwbgcckp&quot;, &quot;mhhz&quot;, &quot;jmjpinye&quot;, &quot;vbjlcwg&quot;, ...],[&quot;vbjlcwg&quot;, &quot;dtwbgcckp&quot;, &quot;mhhz&quot;, &quot;jmjpinye&quot;, &quot;mbxdn&quot;])" methodname="RemoveDupsTestRandom" classname="Open_Lab_04._09.Tests" runstate="Runnable" seed="1349795248" result="Passed" start-time="2021-11-09 20:45:50Z" end-time="2021-11-09 20:45:50Z" duration="0.000081" asserts="1" />
            <test-case id="1065" name="RemoveDupsTestRandom([&quot;ymffsvm&quot;, &quot;mxsmyispnq&quot;, &quot;ymffsvm&quot;, &quot;mxsmyispnq&quot;, &quot;mxsmyispnq&quot;, ...],[&quot;ymffsvm&quot;, &quot;mxsmyispnq&quot;])" fullname="Open_Lab_04._09.Tests.RemoveDupsTestRandom([&quot;ymffsvm&quot;, &quot;mxsmyispnq&quot;, &quot;ymffsvm&quot;, &quot;mxsmyispnq&quot;, &quot;mxsmyispnq&quot;, ...],[&quot;ymffsvm&quot;, &quot;mxsmyispnq&quot;])" methodname="RemoveDupsTestRandom" classname="Open_Lab_04._09.Tests" runstate="Runnable" seed="1180029849" result="Passed" start-time="2021-11-09 20:45:50Z" end-time="2021-11-09 20:45:50Z" duration="0.000070" asserts="1" />
            <test-case id="1066" name="RemoveDupsTestRandom([&quot;yyo&quot;, &quot;uzyjaep&quot;, &quot;ddxywpaan&quot;, &quot;vgvwoeuh&quot;, &quot;dzitrt&quot;, ...],[&quot;yyo&quot;, &quot;uzyjaep&quot;, &quot;ddxywpaan&quot;, &quot;vgvwoeuh&quot;, &quot;dzitrt&quot;, ...])" fullname="Open_Lab_04._09.Tests.RemoveDupsTestRandom([&quot;yyo&quot;, &quot;uzyjaep&quot;, &quot;ddxywpaan&quot;, &quot;vgvwoeuh&quot;, &quot;dzitrt&quot;, ...],[&quot;yyo&quot;, &quot;uzyjaep&quot;, &quot;ddxywpaan&quot;, &quot;vgvwoeuh&quot;, &quot;dzitrt&quot;, ...])" methodname="RemoveDupsTestRandom" classname="Open_Lab_04._09.Tests" runstate="Runnable" seed="876114376" result="Passed" start-time="2021-11-09 20:45:50Z" end-time="2021-11-09 20:45:50Z" duration="0.000096" asserts="1" />
            <test-case id="1067" name="RemoveDupsTestRandom([&quot;borg&quot;, &quot;uwfcfnig&quot;, &quot;scpmt&quot;, &quot;hkg&quot;, &quot;scpmt&quot;, ...],[&quot;borg&quot;, &quot;uwfcfnig&quot;, &quot;scpmt&quot;, &quot;hkg&quot;, &quot;ehwc&quot;])" fullname="Open_Lab_04._09.Tests.RemoveDupsTestRandom([&quot;borg&quot;, &quot;uwfcfnig&quot;, &quot;scpmt&quot;, &quot;hkg&quot;, &quot;scpmt&quot;, ...],[&quot;borg&quot;, &quot;uwfcfnig&quot;, &quot;scpmt&quot;, &quot;hkg&quot;, &quot;ehwc&quot;])" methodname="RemoveDupsTestRandom" classname="Open_Lab_04._09.Tests" runstate="Runnable" seed="1791171771" result="Passed" start-time="2021-11-09 20:45:50Z" end-time="2021-11-09 20:45:50Z" duration="0.000131" asserts="1" />
            <test-case id="1068" name="RemoveDupsTestRandom([&quot;frhmmuo&quot;, &quot;exeh&quot;, &quot;tvambnizwj&quot;, &quot;ywfmcve&quot;, &quot;btxxumk&quot;, ...],[&quot;frhmmuo&quot;, &quot;exeh&quot;, &quot;tvambnizwj&quot;, &quot;ywfmcve&quot;, &quot;btxxumk&quot;, ...])" fullname="Open_Lab_04._09.Tests.RemoveDupsTestRandom([&quot;frhmmuo&quot;, &quot;exeh&quot;, &quot;tvambnizwj&quot;, &quot;ywfmcve&quot;, &quot;btxxumk&quot;, ...],[&quot;frhmmuo&quot;, &quot;exeh&quot;, &quot;tvambnizwj&quot;, &quot;ywfmcve&quot;, &quot;btxxumk&quot;, ...])" methodname="RemoveDupsTestRandom" classname="Open_Lab_04._09.Tests" runstate="Runnable" seed="1827477488" result="Passed" start-time="2021-11-09 20:45:50Z" end-time="2021-11-09 20:45:50Z" duration="0.000082" asserts="1" />
            <test-case id="1069" name="RemoveDupsTestRandom([&quot;ghrrrj&quot;, &quot;epjvt&quot;, &quot;owgqnfs&quot;, &quot;ceffhguta&quot;, &quot;zir&quot;, ...],[&quot;ghrrrj&quot;, &quot;epjvt&quot;, &quot;owgqnfs&quot;, &quot;ceffhguta&quot;, &quot;zir&quot;, ...])" fullname="Open_Lab_04._09.Tests.RemoveDupsTestRandom([&quot;ghrrrj&quot;, &quot;epjvt&quot;, &quot;owgqnfs&quot;, &quot;ceffhguta&quot;, &quot;zir&quot;, ...],[&quot;ghrrrj&quot;, &quot;epjvt&quot;, &quot;owgqnfs&quot;, &quot;ceffhguta&quot;, &quot;zir&quot;, ...])" methodname="RemoveDupsTestRandom" classname="Open_Lab_04._09.Tests" runstate="Runnable" seed="2042866853" result="Passed" start-time="2021-11-09 20:45:50Z" end-time="2021-11-09 20:45:50Z" duration="0.000083" asserts="1" />
            <test-case id="1070" name="RemoveDupsTestRandom([&quot;tcgqn&quot;, &quot;ncpec&quot;, &quot;ftlxvwuck&quot;, &quot;tcgqn&quot;, &quot;ftlxvwuck&quot;, ...],[&quot;tcgqn&quot;, &quot;ncpec&quot;, &quot;ftlxvwuck&quot;])" fullname="Open_Lab_04._09.Tests.RemoveDupsTestRandom([&quot;tcgqn&quot;, &quot;ncpec&quot;, &quot;ftlxvwuck&quot;, &quot;tcgqn&quot;, &quot;ftlxvwuck&quot;, ...],[&quot;tcgqn&quot;, &quot;ncpec&quot;, &quot;ftlxvwuck&quot;])" methodname="RemoveDupsTestRandom" classname="Open_Lab_04._09.Tests" runstate="Runnable" seed="1571069622" result="Passed" start-time="2021-11-09 20:45:50Z" end-time="2021-11-09 20:45:50Z" duration="0.000070" asserts="1" />
            <test-case id="1071" name="RemoveDupsTestRandom([&quot;flvhxucqq&quot;, &quot;fcc&quot;, &quot;dlbvhxe&quot;, &quot;nxsk&quot;, &quot;swdffefqch&quot;, ...],[&quot;flvhxucqq&quot;, &quot;fcc&quot;, &quot;dlbvhxe&quot;, &quot;nxsk&quot;, &quot;swdffefqch&quot;, ...])" fullname="Open_Lab_04._09.Tests.RemoveDupsTestRandom([&quot;flvhxucqq&quot;, &quot;fcc&quot;, &quot;dlbvhxe&quot;, &quot;nxsk&quot;, &quot;swdffefqch&quot;, ...],[&quot;flvhxucqq&quot;, &quot;fcc&quot;, &quot;dlbvhxe&quot;, &quot;nxsk&quot;, &quot;swdffefqch&quot;, ...])" methodname="RemoveDupsTestRandom" classname="Open_Lab_04._09.Tests" runstate="Runnable" seed="939929008" result="Passed" start-time="2021-11-09 20:45:50Z" end-time="2021-11-09 20:45:50Z" duration="0.000085" asserts="1" />
            <test-case id="1072" name="RemoveDupsTestRandom([&quot;dijcus&quot;, &quot;hurovqjzf&quot;, &quot;mhj&quot;, &quot;hurovqjzf&quot;, &quot;vvaqy&quot;, ...],[&quot;dijcus&quot;, &quot;hurovqjzf&quot;, &quot;mhj&quot;, &quot;vvaqy&quot;, &quot;zupo&quot;, ...])" fullname="Open_Lab_04._09.Tests.RemoveDupsTestRandom([&quot;dijcus&quot;, &quot;hurovqjzf&quot;, &quot;mhj&quot;, &quot;hurovqjzf&quot;, &quot;vvaqy&quot;, ...],[&quot;dijcus&quot;, &quot;hurovqjzf&quot;, &quot;mhj&quot;, &quot;vvaqy&quot;, &quot;zupo&quot;, ...])" methodname="RemoveDupsTestRandom" classname="Open_Lab_04._09.Tests" runstate="Runnable" seed="1647270814" result="Passed" start-time="2021-11-09 20:45:50Z" end-time="2021-11-09 20:45:50Z" duration="0.000082" asserts="1" />
            <test-case id="1073" name="RemoveDupsTestRandom([&quot;blvjzccvzo&quot;, &quot;ohpowk&quot;, &quot;hkwtby&quot;, &quot;mvzu&quot;, &quot;nxnsuhzs&quot;, ...],[&quot;blvjzccvzo&quot;, &quot;ohpowk&quot;, &quot;hkwtby&quot;, &quot;mvzu&quot;, &quot;nxnsuhzs&quot;, ...])" fullname="Open_Lab_04._09.Tests.RemoveDupsTestRandom([&quot;blvjzccvzo&quot;, &quot;ohpowk&quot;, &quot;hkwtby&quot;, &quot;mvzu&quot;, &quot;nxnsuhzs&quot;, ...],[&quot;blvjzccvzo&quot;, &quot;ohpowk&quot;, &quot;hkwtby&quot;, &quot;mvzu&quot;, &quot;nxnsuhzs&quot;, ...])" methodname="RemoveDupsTestRandom" classname="Open_Lab_04._09.Tests" runstate="Runnable" seed="1553999293" result="Passed" start-time="2021-11-09 20:45:50Z" end-time="2021-11-09 20:45:50Z" duration="0.000074" asserts="1" />
            <test-case id="1074" name="RemoveDupsTestRandom([&quot;mhmnjlaqg&quot;, &quot;uyegmez&quot;, &quot;vkg&quot;, &quot;dzdso&quot;, &quot;ykvgiavgh&quot;, ...],[&quot;mhmnjlaqg&quot;, &quot;uyegmez&quot;, &quot;vkg&quot;, &quot;dzdso&quot;, &quot;ykvgiavgh&quot;, ...])" fullname="Open_Lab_04._09.Tests.RemoveDupsTestRandom([&quot;mhmnjlaqg&quot;, &quot;uyegmez&quot;, &quot;vkg&quot;, &quot;dzdso&quot;, &quot;ykvgiavgh&quot;, ...],[&quot;mhmnjlaqg&quot;, &quot;uyegmez&quot;, &quot;vkg&quot;, &quot;dzdso&quot;, &quot;ykvgiavgh&quot;, ...])" methodname="RemoveDupsTestRandom" classname="Open_Lab_04._09.Tests" runstate="Runnable" seed="131950839" result="Passed" start-time="2021-11-09 20:45:50Z" end-time="2021-11-09 20:45:50Z" duration="0.000085" asserts="1" />
            <test-case id="1075" name="RemoveDupsTestRandom([&quot;akfoqwiuk&quot;, &quot;avvmwr&quot;, &quot;jowwmnblqw&quot;, &quot;gnidujbjwb&quot;, &quot;lawykg&quot;],[&quot;akfoqwiuk&quot;, &quot;avvmwr&quot;, &quot;jowwmnblqw&quot;, &quot;gnidujbjwb&quot;, &quot;lawykg&quot;])" fullname="Open_Lab_04._09.Tests.RemoveDupsTestRandom([&quot;akfoqwiuk&quot;, &quot;avvmwr&quot;, &quot;jowwmnblqw&quot;, &quot;gnidujbjwb&quot;, &quot;lawykg&quot;],[&quot;akfoqwiuk&quot;, &quot;avvmwr&quot;, &quot;jowwmnblqw&quot;, &quot;gnidujbjwb&quot;, &quot;lawykg&quot;])" methodname="RemoveDupsTestRandom" classname="Open_Lab_04._09.Tests" runstate="Runnable" seed="1630025156" result="Passed" start-time="2021-11-09 20:45:50Z" end-time="2021-11-09 20:45:50Z" duration="0.000069" asserts="1" />
            <test-case id="1076" name="RemoveDupsTestRandom([&quot;fct&quot;, &quot;fct&quot;, &quot;fct&quot;, &quot;fct&quot;, &quot;fct&quot;, ...],[&quot;fct&quot;])" fullname="Open_Lab_04._09.Tests.RemoveDupsTestRandom([&quot;fct&quot;, &quot;fct&quot;, &quot;fct&quot;, &quot;fct&quot;, &quot;fct&quot;, ...],[&quot;fct&quot;])" methodname="RemoveDupsTestRandom" classname="Open_Lab_04._09.Tests" runstate="Runnable" seed="404450604" result="Passed" start-time="2021-11-09 20:45:50Z" end-time="2021-11-09 20:45:50Z" duration="0.000097" asserts="1" />
            <test-case id="1077" name="RemoveDupsTestRandom([&quot;qnitbg&quot;, &quot;iceaclxio&quot;, &quot;iceaclxio&quot;, &quot;iceaclxio&quot;, &quot;qnitbg&quot;, ...],[&quot;qnitbg&quot;, &quot;iceaclxio&quot;])" fullname="Open_Lab_04._09.Tests.RemoveDupsTestRandom([&quot;qnitbg&quot;, &quot;iceaclxio&quot;, &quot;iceaclxio&quot;, &quot;iceaclxio&quot;, &quot;qnitbg&quot;, ...],[&quot;qnitbg&quot;, &quot;iceaclxio&quot;])" methodname="RemoveDupsTestRandom" classname="Open_Lab_04._09.Tests" runstate="Runnable" seed="426996411" result="Passed" start-time="2021-11-09 20:45:50Z" end-time="2021-11-09 20:45:50Z" duration="0.000091" asserts="1" />
            <test-case id="1078" name="RemoveDupsTestRandom([&quot;sthwchvvy&quot;, &quot;koqnvrzljc&quot;, &quot;ltvmlevv&quot;, &quot;narovudkt&quot;, &quot;narovudkt&quot;, ...],[&quot;sthwchvvy&quot;, &quot;koqnvrzljc&quot;, &quot;ltvmlevv&quot;, &quot;narovudkt&quot;])" fullname="Open_Lab_04._09.Tests.RemoveDupsTestRandom([&quot;sthwchvvy&quot;, &quot;koqnvrzljc&quot;, &quot;ltvmlevv&quot;, &quot;narovudkt&quot;, &quot;narovudkt&quot;, ...],[&quot;sthwchvvy&quot;, &quot;koqnvrzljc&quot;, &quot;ltvmlevv&quot;, &quot;narovudkt&quot;])" methodname="RemoveDupsTestRandom" classname="Open_Lab_04._09.Tests" runstate="Runnable" seed="1699058671" result="Passed" start-time="2021-11-09 20:45:50Z" end-time="2021-11-09 20:45:50Z" duration="0.000072" asserts="1" />
            <test-case id="1079" name="RemoveDupsTestRandom([&quot;bkqhpslqy&quot;, &quot;rjlfotk&quot;, &quot;ikukt&quot;, &quot;ikukt&quot;, &quot;ovk&quot;, ...],[&quot;bkqhpslqy&quot;, &quot;rjlfotk&quot;, &quot;ikukt&quot;, &quot;ovk&quot;, &quot;itx&quot;])" fullname="Open_Lab_04._09.Tests.RemoveDupsTestRandom([&quot;bkqhpslqy&quot;, &quot;rjlfotk&quot;, &quot;ikukt&quot;, &quot;ikukt&quot;, &quot;ovk&quot;, ...],[&quot;bkqhpslqy&quot;, &quot;rjlfotk&quot;, &quot;ikukt&quot;, &quot;ovk&quot;, &quot;itx&quot;])" methodname="RemoveDupsTestRandom" classname="Open_Lab_04._09.Tests" runstate="Runnable" seed="121235966" result="Passed" start-time="2021-11-09 20:45:50Z" end-time="2021-11-09 20:45:50Z" duration="0.000086" asserts="1" />
            <test-case id="1080" name="RemoveDupsTestRandom([&quot;aursfs&quot;, &quot;vsl&quot;, &quot;oll&quot;, &quot;otxlwebvsg&quot;, &quot;afs&quot;, ...],[&quot;aursfs&quot;, &quot;vsl&quot;, &quot;oll&quot;, &quot;otxlwebvsg&quot;, &quot;afs&quot;, ...])" fullname="Open_Lab_04._09.Tests.RemoveDupsTestRandom([&quot;aursfs&quot;, &quot;vsl&quot;, &quot;oll&quot;, &quot;otxlwebvsg&quot;, &quot;afs&quot;, ...],[&quot;aursfs&quot;, &quot;vsl&quot;, &quot;oll&quot;, &quot;otxlwebvsg&quot;, &quot;afs&quot;, ...])" methodname="RemoveDupsTestRandom" classname="Open_Lab_04._09.Tests" runstate="Runnable" seed="738270028" result="Passed" start-time="2021-11-09 20:45:50Z" end-time="2021-11-09 20:45:50Z" duration="0.000080" asserts="1" />
            <test-case id="1081" name="RemoveDupsTestRandom([&quot;wfwyu&quot;, &quot;hfo&quot;, &quot;mpzxmmxdz&quot;, &quot;hfo&quot;, &quot;nrwcrk&quot;, ...],[&quot;wfwyu&quot;, &quot;hfo&quot;, &quot;mpzxmmxdz&quot;, &quot;nrwcrk&quot;, &quot;qftbhphx&quot;])" fullname="Open_Lab_04._09.Tests.RemoveDupsTestRandom([&quot;wfwyu&quot;, &quot;hfo&quot;, &quot;mpzxmmxdz&quot;, &quot;hfo&quot;, &quot;nrwcrk&quot;, ...],[&quot;wfwyu&quot;, &quot;hfo&quot;, &quot;mpzxmmxdz&quot;, &quot;nrwcrk&quot;, &quot;qftbhphx&quot;])" methodname="RemoveDupsTestRandom" classname="Open_Lab_04._09.Tests" runstate="Runnable" seed="1224926773" result="Passed" start-time="2021-11-09 20:45:50Z" end-time="2021-11-09 20:45:50Z" duration="0.000070" asserts="1" />
            <test-case id="1082" name="RemoveDupsTestRandom([&quot;gjrsxdqm&quot;, &quot;nepsh&quot;, &quot;xqy&quot;, &quot;nepsh&quot;, &quot;nepsh&quot;, ...],[&quot;gjrsxdqm&quot;, &quot;nepsh&quot;, &quot;xqy&quot;])" fullname="Open_Lab_04._09.Tests.RemoveDupsTestRandom([&quot;gjrsxdqm&quot;, &quot;nepsh&quot;, &quot;xqy&quot;, &quot;nepsh&quot;, &quot;nepsh&quot;, ...],[&quot;gjrsxdqm&quot;, &quot;nepsh&quot;, &quot;xqy&quot;])" methodname="RemoveDupsTestRandom" classname="Open_Lab_04._09.Tests" runstate="Runnable" seed="1383794069" result="Passed" start-time="2021-11-09 20:45:50Z" end-time="2021-11-09 20:45:50Z" duration="0.000080" asserts="1" />
            <test-case id="1083" name="RemoveDupsTestRandom([&quot;xwoazpuxer&quot;, &quot;djoppfbtvs&quot;, &quot;feamichhno&quot;, &quot;momjdde&quot;, &quot;bhol&quot;, ...],[&quot;xwoazpuxer&quot;, &quot;djoppfbtvs&quot;, &quot;feamichhno&quot;, &quot;momjdde&quot;, &quot;bhol&quot;, ...])" fullname="Open_Lab_04._09.Tests.RemoveDupsTestRandom([&quot;xwoazpuxer&quot;, &quot;djoppfbtvs&quot;, &quot;feamichhno&quot;, &quot;momjdde&quot;, &quot;bhol&quot;, ...],[&quot;xwoazpuxer&quot;, &quot;djoppfbtvs&quot;, &quot;feamichhno&quot;, &quot;momjdde&quot;, &quot;bhol&quot;, ...])" methodname="RemoveDupsTestRandom" classname="Open_Lab_04._09.Tests" runstate="Runnable" seed="1509120586" result="Passed" start-time="2021-11-09 20:45:50Z" end-time="2021-11-09 20:45:50Z" duration="0.000072" asserts="1" />
            <test-case id="1084" name="RemoveDupsTestRandom([&quot;wmiiabvbxu&quot;, &quot;izdb&quot;, &quot;izdb&quot;, &quot;uhovwffxzw&quot;, &quot;fyqsqtsp&quot;, ...],[&quot;wmiiabvbxu&quot;, &quot;izdb&quot;, &quot;uhovwffxzw&quot;, &quot;fyqsqtsp&quot;, &quot;zzy&quot;, ...])" fullname="Open_Lab_04._09.Tests.RemoveDupsTestRandom([&quot;wmiiabvbxu&quot;, &quot;izdb&quot;, &quot;izdb&quot;, &quot;uhovwffxzw&quot;, &quot;fyqsqtsp&quot;, ...],[&quot;wmiiabvbxu&quot;, &quot;izdb&quot;, &quot;uhovwffxzw&quot;, &quot;fyqsqtsp&quot;, &quot;zzy&quot;, ...])" methodname="RemoveDupsTestRandom" classname="Open_Lab_04._09.Tests" runstate="Runnable" seed="945539344" result="Passed" start-time="2021-11-09 20:45:50Z" end-time="2021-11-09 20:45:50Z" duration="0.000080" asserts="1" />
            <test-case id="1085" name="RemoveDupsTestRandom([&quot;aytwiyz&quot;, &quot;wkshv&quot;, &quot;ckqs&quot;, &quot;aytwiyz&quot;, &quot;krhdixiwsd&quot;, ...],[&quot;aytwiyz&quot;, &quot;wkshv&quot;, &quot;ckqs&quot;, &quot;krhdixiwsd&quot;, &quot;jipdgcmpg&quot;])" fullname="Open_Lab_04._09.Tests.RemoveDupsTestRandom([&quot;aytwiyz&quot;, &quot;wkshv&quot;, &quot;ckqs&quot;, &quot;aytwiyz&quot;, &quot;krhdixiwsd&quot;, ...],[&quot;aytwiyz&quot;, &quot;wkshv&quot;, &quot;ckqs&quot;, &quot;krhdixiwsd&quot;, &quot;jipdgcmpg&quot;])" methodname="RemoveDupsTestRandom" classname="Open_Lab_04._09.Tests" runstate="Runnable" seed="1914757734" result="Passed" start-time="2021-11-09 20:45:50Z" end-time="2021-11-09 20:45:50Z" duration="0.000080" asserts="1" />
            <test-case id="1086" name="RemoveDupsTestRandom([&quot;mekfqj&quot;, &quot;mekfqj&quot;, &quot;mekfqj&quot;, &quot;mekfqj&quot;, &quot;mekfqj&quot;],[&quot;mekfqj&quot;])" fullname="Open_Lab_04._09.Tests.RemoveDupsTestRandom([&quot;mekfqj&quot;, &quot;mekfqj&quot;, &quot;mekfqj&quot;, &quot;mekfqj&quot;, &quot;mekfqj&quot;],[&quot;mekfqj&quot;])" methodname="RemoveDupsTestRandom" classname="Open_Lab_04._09.Tests" runstate="Runnable" seed="754846519" result="Passed" start-time="2021-11-09 20:45:50Z" end-time="2021-11-09 20:45:50Z" duration="0.000068" asserts="1" />
            <test-case id="1087" name="RemoveDupsTestRandom([&quot;xbqod&quot;, &quot;jnsyyaswsa&quot;, &quot;iaqqkrmiz&quot;, &quot;qtnbimwrb&quot;, &quot;ptpmla&quot;, ...],[&quot;xbqod&quot;, &quot;jnsyyaswsa&quot;, &quot;iaqqkrmiz&quot;, &quot;qtnbimwrb&quot;, &quot;ptpmla&quot;, ...])" fullname="Open_Lab_04._09.Tests.RemoveDupsTestRandom([&quot;xbqod&quot;, &quot;jnsyyaswsa&quot;, &quot;iaqqkrmiz&quot;, &quot;qtnbimwrb&quot;, &quot;ptpmla&quot;, ...],[&quot;xbqod&quot;, &quot;jnsyyaswsa&quot;, &quot;iaqqkrmiz&quot;, &quot;qtnbimwrb&quot;, &quot;ptpmla&quot;, ...])" methodname="RemoveDupsTestRandom" classname="Open_Lab_04._09.Tests" runstate="Runnable" seed="1699401182" result="Passed" start-time="2021-11-09 20:45:50Z" end-time="2021-11-09 20:45:50Z" duration="0.000129" asserts="1" />
            <test-case id="1088" name="RemoveDupsTestRandom([&quot;xlov&quot;, &quot;yfd&quot;, &quot;tsexitmkk&quot;, &quot;qawnt&quot;, &quot;zpkcrkjhw&quot;, ...],[&quot;xlov&quot;, &quot;yfd&quot;, &quot;tsexitmkk&quot;, &quot;qawnt&quot;, &quot;zpkcrkjhw&quot;, ...])" fullname="Open_Lab_04._09.Tests.RemoveDupsTestRandom([&quot;xlov&quot;, &quot;yfd&quot;, &quot;tsexitmkk&quot;, &quot;qawnt&quot;, &quot;zpkcrkjhw&quot;, ...],[&quot;xlov&quot;, &quot;yfd&quot;, &quot;tsexitmkk&quot;, &quot;qawnt&quot;, &quot;zpkcrkjhw&quot;, ...])" methodname="RemoveDupsTestRandom" classname="Open_Lab_04._09.Tests" runstate="Runnable" seed="1131275705" result="Passed" start-time="2021-11-09 20:45:50Z" end-time="2021-11-09 20:45:50Z" duration="0.000076" asserts="1" />
            <test-case id="1089" name="RemoveDupsTestRandom([&quot;iucsbnmvr&quot;, &quot;alvcvwhyfg&quot;, &quot;nqdwgj&quot;, &quot;iucsbnmvr&quot;, &quot;vpdy&quot;, ...],[&quot;iucsbnmvr&quot;, &quot;alvcvwhyfg&quot;, &quot;nqdwgj&quot;, &quot;vpdy&quot;, &quot;ywpmxbmkx&quot;, ...])" fullname="Open_Lab_04._09.Tests.RemoveDupsTestRandom([&quot;iucsbnmvr&quot;, &quot;alvcvwhyfg&quot;, &quot;nqdwgj&quot;, &quot;iucsbnmvr&quot;, &quot;vpdy&quot;, ...],[&quot;iucsbnmvr&quot;, &quot;alvcvwhyfg&quot;, &quot;nqdwgj&quot;, &quot;vpdy&quot;, &quot;ywpmxbmkx&quot;, ...])" methodname="RemoveDupsTestRandom" classname="Open_Lab_04._09.Tests" runstate="Runnable" seed="842319702" result="Passed" start-time="2021-11-09 20:45:50Z" end-time="2021-11-09 20:45:50Z" duration="0.000084" asserts="1" />
            <test-case id="1090" name="RemoveDupsTestRandom([&quot;wjdudt&quot;, &quot;bat&quot;, &quot;ekwnu&quot;, &quot;wjdudt&quot;, &quot;jjgcawhtn&quot;, ...],[&quot;wjdudt&quot;, &quot;bat&quot;, &quot;ekwnu&quot;, &quot;jjgcawhtn&quot;, &quot;fsmqeduzux&quot;, ...])" fullname="Open_Lab_04._09.Tests.RemoveDupsTestRandom([&quot;wjdudt&quot;, &quot;bat&quot;, &quot;ekwnu&quot;, &quot;wjdudt&quot;, &quot;jjgcawhtn&quot;, ...],[&quot;wjdudt&quot;, &quot;bat&quot;, &quot;ekwnu&quot;, &quot;jjgcawhtn&quot;, &quot;fsmqeduzux&quot;, ...])" methodname="RemoveDupsTestRandom" classname="Open_Lab_04._09.Tests" runstate="Runnable" seed="1696844187" result="Passed" start-time="2021-11-09 20:45:50Z" end-time="2021-11-09 20:45:50Z" duration="0.000083" asserts="1" />
            <test-case id="1091" name="RemoveDupsTestRandom([&quot;eennft&quot;, &quot;eennft&quot;, &quot;gpkhmxwzkn&quot;, &quot;eennft&quot;, &quot;gpkhmxwzkn&quot;],[&quot;eennft&quot;, &quot;gpkhmxwzkn&quot;])" fullname="Open_Lab_04._09.Tests.RemoveDupsTestRandom([&quot;eennft&quot;, &quot;eennft&quot;, &quot;gpkhmxwzkn&quot;, &quot;eennft&quot;, &quot;gpkhmxwzkn&quot;],[&quot;eennft&quot;, &quot;gpkhmxwzkn&quot;])" methodname="RemoveDupsTestRandom" classname="Open_Lab_04._09.Tests" runstate="Runnable" seed="617186381" result="Passed" start-time="2021-11-09 20:45:50Z" end-time="2021-11-09 20:45:50Z" duration="0.000068" asserts="1" />
            <test-case id="1092" name="RemoveDupsTestRandom([&quot;mwohsnnmrq&quot;, &quot;oqpky&quot;, &quot;zsblxjatvb&quot;, &quot;tefeuk&quot;, &quot;oqpky&quot;, ...],[&quot;mwohsnnmrq&quot;, &quot;oqpky&quot;, &quot;zsblxjatvb&quot;, &quot;tefeuk&quot;, &quot;byqwxl&quot;, ...])" fullname="Open_Lab_04._09.Tests.RemoveDupsTestRandom([&quot;mwohsnnmrq&quot;, &quot;oqpky&quot;, &quot;zsblxjatvb&quot;, &quot;tefeuk&quot;, &quot;oqpky&quot;, ...],[&quot;mwohsnnmrq&quot;, &quot;oqpky&quot;, &quot;zsblxjatvb&quot;, &quot;tefeuk&quot;, &quot;byqwxl&quot;, ...])" methodname="RemoveDupsTestRandom" classname="Open_Lab_04._09.Tests" runstate="Runnable" seed="1782723156" result="Passed" start-time="2021-11-09 20:45:50Z" end-time="2021-11-09 20:45:50Z" duration="0.000087" asserts="1" />
            <test-case id="1093" name="RemoveDupsTestRandom([&quot;jqryjcta&quot;, &quot;wkqmitbrvt&quot;, &quot;xxatjl&quot;, &quot;att&quot;, &quot;jqryjcta&quot;, ...],[&quot;jqryjcta&quot;, &quot;wkqmitbrvt&quot;, &quot;xxatjl&quot;, &quot;att&quot;, &quot;itah&quot;, ...])" fullname="Open_Lab_04._09.Tests.RemoveDupsTestRandom([&quot;jqryjcta&quot;, &quot;wkqmitbrvt&quot;, &quot;xxatjl&quot;, &quot;att&quot;, &quot;jqryjcta&quot;, ...],[&quot;jqryjcta&quot;, &quot;wkqmitbrvt&quot;, &quot;xxatjl&quot;, &quot;att&quot;, &quot;itah&quot;, ...])" methodname="RemoveDupsTestRandom" classname="Open_Lab_04._09.Tests" runstate="Runnable" seed="59567119" result="Passed" start-time="2021-11-09 20:45:50Z" end-time="2021-11-09 20:45:50Z" duration="0.000088" asserts="1" />
            <test-case id="1094" name="RemoveDupsTestRandom([&quot;urfitlingq&quot;, &quot;hwjjfmga&quot;, &quot;hzf&quot;, &quot;hwjjfmga&quot;, &quot;hwjjfmga&quot;, ...],[&quot;urfitlingq&quot;, &quot;hwjjfmga&quot;, &quot;hzf&quot;, &quot;qpqydowlr&quot;, &quot;pujkitsr&quot;, ...])" fullname="Open_Lab_04._09.Tests.RemoveDupsTestRandom([&quot;urfitlingq&quot;, &quot;hwjjfmga&quot;, &quot;hzf&quot;, &quot;hwjjfmga&quot;, &quot;hwjjfmga&quot;, ...],[&quot;urfitlingq&quot;, &quot;hwjjfmga&quot;, &quot;hzf&quot;, &quot;qpqydowlr&quot;, &quot;pujkitsr&quot;, ...])" methodname="RemoveDupsTestRandom" classname="Open_Lab_04._09.Tests" runstate="Runnable" seed="1108865335" result="Passed" start-time="2021-11-09 20:45:50Z" end-time="2021-11-09 20:45:50Z" duration="0.000074" asserts="1" />
            <test-case id="1095" name="RemoveDupsTestRandom([&quot;ogwi&quot;, &quot;ogwi&quot;, &quot;ogwi&quot;, &quot;ogwi&quot;, &quot;ogwi&quot;, ...],[&quot;ogwi&quot;])" fullname="Open_Lab_04._09.Tests.RemoveDupsTestRandom([&quot;ogwi&quot;, &quot;ogwi&quot;, &quot;ogwi&quot;, &quot;ogwi&quot;, &quot;ogwi&quot;, ...],[&quot;ogwi&quot;])" methodname="RemoveDupsTestRandom" classname="Open_Lab_04._09.Tests" runstate="Runnable" seed="1984268854" result="Passed" start-time="2021-11-09 20:45:50Z" end-time="2021-11-09 20:45:50Z" duration="0.000078" asserts="1" />
            <test-case id="1096" name="RemoveDupsTestRandom([&quot;hulcy&quot;, &quot;itxjze&quot;, &quot;hulcy&quot;, &quot;ryailn&quot;, &quot;hgif&quot;, ...],[&quot;hulcy&quot;, &quot;itxjze&quot;, &quot;ryailn&quot;, &quot;hgif&quot;, &quot;xic&quot;, ...])" fullname="Open_Lab_04._09.Tests.RemoveDupsTestRandom([&quot;hulcy&quot;, &quot;itxjze&quot;, &quot;hulcy&quot;, &quot;ryailn&quot;, &quot;hgif&quot;, ...],[&quot;hulcy&quot;, &quot;itxjze&quot;, &quot;ryailn&quot;, &quot;hgif&quot;, &quot;xic&quot;, ...])" methodname="RemoveDupsTestRandom" classname="Open_Lab_04._09.Tests" runstate="Runnable" seed="1603069220" result="Passed" start-time="2021-11-09 20:45:50Z" end-time="2021-11-09 20:45:50Z" duration="0.000071" asserts="1" />
            <test-case id="1097" name="RemoveDupsTestRandom([&quot;xqqyo&quot;, &quot;bnxcyanw&quot;, &quot;vuzsesl&quot;, &quot;zpufjfmsu&quot;, &quot;bnxcyanw&quot;, ...],[&quot;xqqyo&quot;, &quot;bnxcyanw&quot;, &quot;vuzsesl&quot;, &quot;zpufjfmsu&quot;, &quot;padtjan&quot;, ...])" fullname="Open_Lab_04._09.Tests.RemoveDupsTestRandom([&quot;xqqyo&quot;, &quot;bnxcyanw&quot;, &quot;vuzsesl&quot;, &quot;zpufjfmsu&quot;, &quot;bnxcyanw&quot;, ...],[&quot;xqqyo&quot;, &quot;bnxcyanw&quot;, &quot;vuzsesl&quot;, &quot;zpufjfmsu&quot;, &quot;padtjan&quot;, ...])" methodname="RemoveDupsTestRandom" classname="Open_Lab_04._09.Tests" runstate="Runnable" seed="142407367" result="Passed" start-time="2021-11-09 20:45:50Z" end-time="2021-11-09 20:45:50Z" duration="0.000091" asserts="1" />
            <test-case id="1098" name="RemoveDupsTestRandom([&quot;yvhp&quot;, &quot;vatrfo&quot;, &quot;gbrpeqmnt&quot;, &quot;wcrgftsf&quot;, &quot;irtysm&quot;, ...],[&quot;yvhp&quot;, &quot;vatrfo&quot;, &quot;gbrpeqmnt&quot;, &quot;wcrgftsf&quot;, &quot;irtysm&quot;, ...])" fullname="Open_Lab_04._09.Tests.RemoveDupsTestRandom([&quot;yvhp&quot;, &quot;vatrfo&quot;, &quot;gbrpeqmnt&quot;, &quot;wcrgftsf&quot;, &quot;irtysm&quot;, ...],[&quot;yvhp&quot;, &quot;vatrfo&quot;, &quot;gbrpeqmnt&quot;, &quot;wcrgftsf&quot;, &quot;irtysm&quot;, ...])" methodname="RemoveDupsTestRandom" classname="Open_Lab_04._09.Tests" runstate="Runnable" seed="392135588" result="Passed" start-time="2021-11-09 20:45:50Z" end-time="2021-11-09 20:45:50Z" duration="0.000122" asserts="1" />
            <test-case id="1099" name="RemoveDupsTestRandom([&quot;umd&quot;, &quot;daxngrrp&quot;, &quot;tjbmnt&quot;, &quot;atoxwiq&quot;, &quot;xwnz&quot;, ...],[&quot;umd&quot;, &quot;daxngrrp&quot;, &quot;tjbmnt&quot;, &quot;atoxwiq&quot;, &quot;xwnz&quot;, ...])" fullname="Open_Lab_04._09.Tests.RemoveDupsTestRandom([&quot;umd&quot;, &quot;daxngrrp&quot;, &quot;tjbmnt&quot;, &quot;atoxwiq&quot;, &quot;xwnz&quot;, ...],[&quot;umd&quot;, &quot;daxngrrp&quot;, &quot;tjbmnt&quot;, &quot;atoxwiq&quot;, &quot;xwnz&quot;, ...])" methodname="RemoveDupsTestRandom" classname="Open_Lab_04._09.Tests" runstate="Runnable" seed="1376367080" result="Passed" start-time="2021-11-09 20:45:50Z" end-time="2021-11-09 20:45:50Z" duration="0.000079" asserts="1" />
            <test-case id="1100" name="RemoveDupsTestRandom([&quot;uelqvwoav&quot;, &quot;mepvzyqq&quot;, &quot;uelqvwoav&quot;, &quot;uelqvwoav&quot;, &quot;kuuoyf&quot;, ...],[&quot;uelqvwoav&quot;, &quot;mepvzyqq&quot;, &quot;kuuoyf&quot;, &quot;stiowqtowt&quot;])" fullname="Open_Lab_04._09.Tests.RemoveDupsTestRandom([&quot;uelqvwoav&quot;, &quot;mepvzyqq&quot;, &quot;uelqvwoav&quot;, &quot;uelqvwoav&quot;, &quot;kuuoyf&quot;, ...],[&quot;uelqvwoav&quot;, &quot;mepvzyqq&quot;, &quot;kuuoyf&quot;, &quot;stiowqtowt&quot;])" methodname="RemoveDupsTestRandom" classname="Open_Lab_04._09.Tests" runstate="Runnable" seed="567984114" result="Passed" start-time="2021-11-09 20:45:50Z" end-time="2021-11-09 20:45:50Z" duration="0.000080" asserts="1" />
            <test-case id="1101" name="RemoveDupsTestRandom([&quot;olxp&quot;, &quot;hiqfdm&quot;, &quot;akxhmdah&quot;, &quot;qpk&quot;, &quot;isg&quot;, ...],[&quot;olxp&quot;, &quot;hiqfdm&quot;, &quot;akxhmdah&quot;, &quot;qpk&quot;, &quot;isg&quot;, ...])" fullname="Open_Lab_04._09.Tests.RemoveDupsTestRandom([&quot;olxp&quot;, &quot;hiqfdm&quot;, &quot;akxhmdah&quot;, &quot;qpk&quot;, &quot;isg&quot;, ...],[&quot;olxp&quot;, &quot;hiqfdm&quot;, &quot;akxhmdah&quot;, &quot;qpk&quot;, &quot;isg&quot;, ...])" methodname="RemoveDupsTestRandom" classname="Open_Lab_04._09.Tests" runstate="Runnable" seed="388702236" result="Passed" start-time="2021-11-09 20:45:50Z" end-time="2021-11-09 20:45:50Z" duration="0.000082" asserts="1" />
          </test-suite>
        </test-suite>
      </test-suite>
    </test-suite>
  </test-suite>
</test-run>